
===========================================================================
report_checks -unconstrained
===========================================================================
======================= Typical Corner ===================================

Startpoint: _5186_ (rising edge-triggered flip-flop clocked by core_clock)
Endpoint: _5186_ (rising edge-triggered flip-flop clocked by core_clock)
Path Group: core_clock
Path Type: max

Fanout     Cap    Slew   Delay    Time   Description
-----------------------------------------------------------------------------
                  0.00    0.00    0.00   clock core_clock (rise edge)
                          0.00    0.00   clock network delay (ideal)
                  0.00    0.00    0.00 ^ _5186_/CLK (sky130_fd_sc_hd__dfxtp_2)
     4    0.02    0.10    0.35    0.35 ^ _5186_/Q (sky130_fd_sc_hd__dfxtp_2)
                                         sm1.s1.t1.A_wire[9] (net)
                  0.10    0.00    0.35 ^ _3414_/A (sky130_fd_sc_hd__buf_1)
    10    0.04    0.51    0.42    0.77 ^ _3414_/X (sky130_fd_sc_hd__buf_1)
                                         _0719_ (net)
                  0.51    0.00    0.77 ^ _5077_/A0 (sky130_fd_sc_hd__mux2_2)
     1    0.00    0.05    0.24    1.01 ^ _5077_/X (sky130_fd_sc_hd__mux2_2)
                                         _2037_ (net)
                  0.05    0.00    1.01 ^ _5078_/A (sky130_fd_sc_hd__buf_1)
     1    0.00    0.03    0.07    1.09 ^ _5078_/X (sky130_fd_sc_hd__buf_1)
                                         _0022_ (net)
                  0.03    0.00    1.09 ^ _5186_/D (sky130_fd_sc_hd__dfxtp_2)
                                  1.09   data arrival time

                  0.00   10.00   10.00   clock core_clock (rise edge)
                          0.00   10.00   clock network delay (ideal)
                          0.00   10.00   clock reconvergence pessimism
                                 10.00 ^ _5186_/CLK (sky130_fd_sc_hd__dfxtp_2)
                         -0.06    9.94   library setup time
                                  9.94   data required time
-----------------------------------------------------------------------------
                                  9.94   data required time
                                 -1.09   data arrival time
-----------------------------------------------------------------------------
                                  8.85   slack (MET)




===========================================================================
report_checks --slack_max -0.01
============================================================================
======================= Typical Corner ===================================

No paths found.


===========================================================================
 report_check_types -max_slew -max_cap -max_fanout -violators
============================================================================
======================= Typical Corner ===================================


max slew violations count Typical: 0
max fanout violations count Typical: 0
max cap violations count Typical: 0

===========================================================================
report_parasitic_annotation -report_unannotated
============================================================================
Found 9 unannotated drivers.
 clk
 _5228_/HI
 _5229_/HI
 _5230_/HI
 _5231_/HI
 _5232_/HI
 _5233_/HI
 _5234_/HI
 _5235_/HI
Found 0 partially unannotated drivers.

===========================================================================
max slew violation count 0
max fanout violation count 0
max cap violation count 0
============================================================================

===========================================================================
check_setup -verbose -unconstrained_endpoints -multiple_clock -no_clock -no_input_delay -loops -generated_clocks
===========================================================================
Warning: There are 106 input ports missing set_input_delay.
  addr1[0]
  addr1[1]
  addr1[2]
  addr1[3]
  addr1[4]
  addr2[0]
  addr2[1]
  addr2[2]
  addr2[3]
  addr2[4]
  addr3[0]
  addr3[1]
  addr3[2]
  addr3[3]
  addr3[4]
  addr4[0]
  addr4[1]
  addr4[2]
  addr4[3]
  addr4[4]
  addr5[0]
  addr5[1]
  addr5[2]
  addr5[3]
  addr5[4]
  addr6[0]
  addr6[1]
  addr6[2]
  addr6[3]
  addr6[4]
  addr7[0]
  addr7[1]
  addr7[2]
  addr7[3]
  addr7[4]
  addr8[0]
  addr8[1]
  addr8[2]
  addr8[3]
  addr8[4]
  data1[0]
  data1[1]
  data1[2]
  data1[3]
  data1[4]
  data1[5]
  data1[6]
  data1[7]
  data2[0]
  data2[1]
  data2[2]
  data2[3]
  data2[4]
  data2[5]
  data2[6]
  data2[7]
  data3[0]
  data3[1]
  data3[2]
  data3[3]
  data3[4]
  data3[5]
  data3[6]
  data3[7]
  data4[0]
  data4[1]
  data4[2]
  data4[3]
  data4[4]
  data4[5]
  data4[6]
  data4[7]
  data5[0]
  data5[1]
  data5[2]
  data5[3]
  data5[4]
  data5[5]
  data5[6]
  data5[7]
  data6[0]
  data6[1]
  data6[2]
  data6[3]
  data6[4]
  data6[5]
  data6[6]
  data6[7]
  data7[0]
  data7[1]
  data7[2]
  data7[3]
  data7[4]
  data7[5]
  data7[6]
  data7[7]
  data8[0]
  data8[1]
  data8[2]
  data8[3]
  data8[4]
  data8[5]
  data8[6]
  data8[7]
  en
  rst
Warning: There are 478 unconstrained endpoints.
  final_sum1[0]
  final_sum1[10]
  final_sum1[11]
  final_sum1[12]
  final_sum1[1]
  final_sum1[2]
  final_sum1[3]
  final_sum1[4]
  final_sum1[5]
  final_sum1[6]
  final_sum1[7]
  final_sum1[8]
  final_sum1[9]
  final_sum2[0]
  final_sum2[10]
  final_sum2[11]
  final_sum2[12]
  final_sum2[1]
  final_sum2[2]
  final_sum2[3]
  final_sum2[4]
  final_sum2[5]
  final_sum2[6]
  final_sum2[7]
  final_sum2[8]
  final_sum2[9]
  final_sum3[0]
  final_sum3[10]
  final_sum3[11]
  final_sum3[12]
  final_sum3[1]
  final_sum3[2]
  final_sum3[3]
  final_sum3[4]
  final_sum3[5]
  final_sum3[6]
  final_sum3[7]
  final_sum3[8]
  final_sum3[9]
  final_sum4[0]
  final_sum4[10]
  final_sum4[11]
  final_sum4[12]
  final_sum4[1]
  final_sum4[2]
  final_sum4[3]
  final_sum4[4]
  final_sum4[5]
  final_sum4[6]
  final_sum4[7]
  final_sum4[8]
  final_sum4[9]
  final_sum5[0]
  final_sum5[10]
  final_sum5[11]
  final_sum5[12]
  final_sum5[1]
  final_sum5[2]
  final_sum5[3]
  final_sum5[4]
  final_sum5[5]
  final_sum5[6]
  final_sum5[7]
  final_sum5[8]
  final_sum5[9]
  final_sum6[0]
  final_sum6[10]
  final_sum6[11]
  final_sum6[12]
  final_sum6[1]
  final_sum6[2]
  final_sum6[3]
  final_sum6[4]
  final_sum6[5]
  final_sum6[6]
  final_sum6[7]
  final_sum6[8]
  final_sum6[9]
  final_sum7[0]
  final_sum7[10]
  final_sum7[11]
  final_sum7[12]
  final_sum7[1]
  final_sum7[2]
  final_sum7[3]
  final_sum7[4]
  final_sum7[5]
  final_sum7[6]
  final_sum7[7]
  final_sum7[8]
  final_sum7[9]
  final_sum8[0]
  final_sum8[10]
  final_sum8[11]
  final_sum8[12]
  final_sum8[1]
  final_sum8[2]
  final_sum8[3]
  final_sum8[4]
  final_sum8[5]
  final_sum8[6]
  final_sum8[7]
  final_sum8[8]
  final_sum8[9]
  out1[0]
  out1[10]
  out1[1]
  out1[2]
  out1[3]
  out1[4]
  out1[5]
  out1[6]
  out1[7]
  out1[8]
  out1[9]
  out1_2[0]
  out1_2[10]
  out1_2[1]
  out1_2[2]
  out1_2[3]
  out1_2[4]
  out1_2[5]
  out1_2[6]
  out1_2[7]
  out1_2[8]
  out1_2[9]
  out1_3[0]
  out1_3[10]
  out1_3[1]
  out1_3[2]
  out1_3[3]
  out1_3[4]
  out1_3[5]
  out1_3[6]
  out1_3[7]
  out1_3[8]
  out1_3[9]
  out1_4[0]
  out1_4[10]
  out1_4[1]
  out1_4[2]
  out1_4[3]
  out1_4[4]
  out1_4[5]
  out1_4[6]
  out1_4[7]
  out1_4[8]
  out1_4[9]
  out1_5[0]
  out1_5[10]
  out1_5[1]
  out1_5[2]
  out1_5[3]
  out1_5[4]
  out1_5[5]
  out1_5[6]
  out1_5[7]
  out1_5[8]
  out1_5[9]
  out1_6[0]
  out1_6[10]
  out1_6[1]
  out1_6[2]
  out1_6[3]
  out1_6[4]
  out1_6[5]
  out1_6[6]
  out1_6[7]
  out1_6[8]
  out1_6[9]
  out1_7[0]
  out1_7[10]
  out1_7[1]
  out1_7[2]
  out1_7[3]
  out1_7[4]
  out1_7[5]
  out1_7[6]
  out1_7[7]
  out1_7[8]
  out1_7[9]
  out1_8[0]
  out1_8[10]
  out1_8[1]
  out1_8[2]
  out1_8[3]
  out1_8[4]
  out1_8[5]
  out1_8[6]
  out1_8[7]
  out1_8[8]
  out1_8[9]
  out2[0]
  out2[10]
  out2[1]
  out2[2]
  out2[3]
  out2[4]
  out2[5]
  out2[6]
  out2[7]
  out2[8]
  out2[9]
  out2_2[0]
  out2_2[10]
  out2_2[1]
  out2_2[2]
  out2_2[3]
  out2_2[4]
  out2_2[5]
  out2_2[6]
  out2_2[7]
  out2_2[8]
  out2_2[9]
  out2_3[0]
  out2_3[10]
  out2_3[1]
  out2_3[2]
  out2_3[3]
  out2_3[4]
  out2_3[5]
  out2_3[6]
  out2_3[7]
  out2_3[8]
  out2_3[9]
  out2_4[0]
  out2_4[10]
  out2_4[1]
  out2_4[2]
  out2_4[3]
  out2_4[4]
  out2_4[5]
  out2_4[6]
  out2_4[7]
  out2_4[8]
  out2_4[9]
  out2_5[0]
  out2_5[10]
  out2_5[1]
  out2_5[2]
  out2_5[3]
  out2_5[4]
  out2_5[5]
  out2_5[6]
  out2_5[7]
  out2_5[8]
  out2_5[9]
  out2_6[0]
  out2_6[10]
  out2_6[1]
  out2_6[2]
  out2_6[3]
  out2_6[4]
  out2_6[5]
  out2_6[6]
  out2_6[7]
  out2_6[8]
  out2_6[9]
  out2_7[0]
  out2_7[10]
  out2_7[1]
  out2_7[2]
  out2_7[3]
  out2_7[4]
  out2_7[5]
  out2_7[6]
  out2_7[7]
  out2_7[8]
  out2_7[9]
  out2_8[0]
  out2_8[10]
  out2_8[1]
  out2_8[2]
  out2_8[3]
  out2_8[4]
  out2_8[5]
  out2_8[6]
  out2_8[7]
  out2_8[8]
  out2_8[9]
  partial_sum14[0]
  partial_sum14[10]
  partial_sum14[11]
  partial_sum14[12]
  partial_sum14[13]
  partial_sum14[1]
  partial_sum14[2]
  partial_sum14[3]
  partial_sum14[4]
  partial_sum14[5]
  partial_sum14[6]
  partial_sum14[7]
  partial_sum14[8]
  partial_sum14[9]
  partial_sum14_1[0]
  partial_sum14_1[10]
  partial_sum14_1[11]
  partial_sum14_1[12]
  partial_sum14_1[13]
  partial_sum14_1[1]
  partial_sum14_1[2]
  partial_sum14_1[3]
  partial_sum14_1[4]
  partial_sum14_1[5]
  partial_sum14_1[6]
  partial_sum14_1[7]
  partial_sum14_1[8]
  partial_sum14_1[9]
  partial_sum14_2[0]
  partial_sum14_2[10]
  partial_sum14_2[11]
  partial_sum14_2[12]
  partial_sum14_2[13]
  partial_sum14_2[1]
  partial_sum14_2[2]
  partial_sum14_2[3]
  partial_sum14_2[4]
  partial_sum14_2[5]
  partial_sum14_2[6]
  partial_sum14_2[7]
  partial_sum14_2[8]
  partial_sum14_2[9]
  partial_sum14_3[0]
  partial_sum14_3[10]
  partial_sum14_3[11]
  partial_sum14_3[12]
  partial_sum14_3[13]
  partial_sum14_3[1]
  partial_sum14_3[2]
  partial_sum14_3[3]
  partial_sum14_3[4]
  partial_sum14_3[5]
  partial_sum14_3[6]
  partial_sum14_3[7]
  partial_sum14_3[8]
  partial_sum14_3[9]
  partial_sum15[0]
  partial_sum15[10]
  partial_sum15[11]
  partial_sum15[12]
  partial_sum15[13]
  partial_sum15[14]
  partial_sum15[1]
  partial_sum15[2]
  partial_sum15[3]
  partial_sum15[4]
  partial_sum15[5]
  partial_sum15[6]
  partial_sum15[7]
  partial_sum15[8]
  partial_sum15[9]
  partial_sum15_1[0]
  partial_sum15_1[10]
  partial_sum15_1[11]
  partial_sum15_1[12]
  partial_sum15_1[13]
  partial_sum15_1[14]
  partial_sum15_1[1]
  partial_sum15_1[2]
  partial_sum15_1[3]
  partial_sum15_1[4]
  partial_sum15_1[5]
  partial_sum15_1[6]
  partial_sum15_1[7]
  partial_sum15_1[8]
  partial_sum15_1[9]
  partial_sum16[0]
  partial_sum16[10]
  partial_sum16[11]
  partial_sum16[12]
  partial_sum16[13]
  partial_sum16[14]
  partial_sum16[15]
  partial_sum16[1]
  partial_sum16[2]
  partial_sum16[3]
  partial_sum16[4]
  partial_sum16[5]
  partial_sum16[6]
  partial_sum16[7]
  partial_sum16[8]
  partial_sum16[9]
  sum_out1[0]
  sum_out1[10]
  sum_out1[11]
  sum_out1[1]
  sum_out1[2]
  sum_out1[3]
  sum_out1[4]
  sum_out1[5]
  sum_out1[6]
  sum_out1[7]
  sum_out1[8]
  sum_out1[9]
  sum_out2[0]
  sum_out2[10]
  sum_out2[11]
  sum_out2[1]
  sum_out2[2]
  sum_out2[3]
  sum_out2[4]
  sum_out2[5]
  sum_out2[6]
  sum_out2[7]
  sum_out2[8]
  sum_out2[9]
  sum_out3[0]
  sum_out3[10]
  sum_out3[11]
  sum_out3[1]
  sum_out3[2]
  sum_out3[3]
  sum_out3[4]
  sum_out3[5]
  sum_out3[6]
  sum_out3[7]
  sum_out3[8]
  sum_out3[9]
  sum_out4[0]
  sum_out4[10]
  sum_out4[11]
  sum_out4[1]
  sum_out4[2]
  sum_out4[3]
  sum_out4[4]
  sum_out4[5]
  sum_out4[6]
  sum_out4[7]
  sum_out4[8]
  sum_out4[9]
  sum_out5[0]
  sum_out5[10]
  sum_out5[11]
  sum_out5[1]
  sum_out5[2]
  sum_out5[3]
  sum_out5[4]
  sum_out5[5]
  sum_out5[6]
  sum_out5[7]
  sum_out5[8]
  sum_out5[9]
  sum_out6[0]
  sum_out6[10]
  sum_out6[11]
  sum_out6[1]
  sum_out6[2]
  sum_out6[3]
  sum_out6[4]
  sum_out6[5]
  sum_out6[6]
  sum_out6[7]
  sum_out6[8]
  sum_out6[9]
  sum_out7[0]
  sum_out7[10]
  sum_out7[11]
  sum_out7[1]
  sum_out7[2]
  sum_out7[3]
  sum_out7[4]
  sum_out7[5]
  sum_out7[6]
  sum_out7[7]
  sum_out7[8]
  sum_out7[9]
  sum_out8[0]
  sum_out8[10]
  sum_out8[11]
  sum_out8[1]
  sum_out8[2]
  sum_out8[3]
  sum_out8[4]
  sum_out8[5]
  sum_out8[6]
  sum_out8[7]
  sum_out8[8]
  sum_out8[9]
