
63. Printing statistics.

=== sub_module16 ===

   Number of wires:               2481
   Number of wire bits:           3008
   Number of public wires:         122
   Number of public wire bits:     649
   Number of memories:               0
   Number of memory bits:            0
   Number of processes:              0
   Number of cells:               2901
     sky130_fd_sc_hd__a2111o_2      11
     sky130_fd_sc_hd__a2111oi_2      2
     sky130_fd_sc_hd__a211o_2       28
     sky130_fd_sc_hd__a211oi_2       8
     sky130_fd_sc_hd__a21bo_2       11
     sky130_fd_sc_hd__a21boi_2       8
     sky130_fd_sc_hd__a21o_2       122
     sky130_fd_sc_hd__a21oi_2       67
     sky130_fd_sc_hd__a221o_2      151
     sky130_fd_sc_hd__a221oi_2       9
     sky130_fd_sc_hd__a22o_2       141
     sky130_fd_sc_hd__a22oi_2       26
     sky130_fd_sc_hd__a2bb2o_2       6
     sky130_fd_sc_hd__a311o_2        1
     sky130_fd_sc_hd__a311oi_2       2
     sky130_fd_sc_hd__a31o_2        22
     sky130_fd_sc_hd__a31oi_2        2
     sky130_fd_sc_hd__a32o_2         5
     sky130_fd_sc_hd__a41o_2         1
     sky130_fd_sc_hd__and2_2       221
     sky130_fd_sc_hd__and2b_2       61
     sky130_fd_sc_hd__and3_2       111
     sky130_fd_sc_hd__and3b_2       11
     sky130_fd_sc_hd__and4_2        29
     sky130_fd_sc_hd__and4b_2        7
     sky130_fd_sc_hd__and4bb_2       6
     sky130_fd_sc_hd__buf_1        342
     sky130_fd_sc_hd__buf_2         24
     sky130_fd_sc_hd__conb_1         8
     sky130_fd_sc_hd__dfxtp_2       64
     sky130_fd_sc_hd__inv_2        145
     sky130_fd_sc_hd__mux2_2        69
     sky130_fd_sc_hd__nand2_2      140
     sky130_fd_sc_hd__nand2b_2       1
     sky130_fd_sc_hd__nand3_2       13
     sky130_fd_sc_hd__nand3b_2       2
     sky130_fd_sc_hd__nand4_2        3
     sky130_fd_sc_hd__nand4b_2       1
     sky130_fd_sc_hd__nor2_2       159
     sky130_fd_sc_hd__nor2b_2        3
     sky130_fd_sc_hd__nor3_2        20
     sky130_fd_sc_hd__nor3b_2        5
     sky130_fd_sc_hd__nor4_2         2
     sky130_fd_sc_hd__nor4b_2        1
     sky130_fd_sc_hd__o2111a_2       4
     sky130_fd_sc_hd__o211a_2       15
     sky130_fd_sc_hd__o21a_2        53
     sky130_fd_sc_hd__o21ai_2       61
     sky130_fd_sc_hd__o21ba_2        2
     sky130_fd_sc_hd__o21bai_2       4
     sky130_fd_sc_hd__o22a_2        44
     sky130_fd_sc_hd__o22ai_2        7
     sky130_fd_sc_hd__o2bb2a_2       8
     sky130_fd_sc_hd__o311a_2        5
     sky130_fd_sc_hd__o31a_2         9
     sky130_fd_sc_hd__o31ai_2        3
     sky130_fd_sc_hd__o32a_2        36
     sky130_fd_sc_hd__o32ai_2        1
     sky130_fd_sc_hd__or2_2        107
     sky130_fd_sc_hd__or2b_2        19
     sky130_fd_sc_hd__or3_2         36
     sky130_fd_sc_hd__or3b_2        11
     sky130_fd_sc_hd__or4_2          8
     sky130_fd_sc_hd__or4b_2         8
     sky130_fd_sc_hd__xnor2_2      201
     sky130_fd_sc_hd__xor2_2       188

   Chip area for module '\sub_module16': 26648.057600

