
===========================================================================
report_checks -unconstrained
===========================================================================
======================= Typical Corner ===================================

Startpoint: _5224_ (rising edge-triggered flip-flop clocked by core_clock)
Endpoint: _5224_ (rising edge-triggered flip-flop clocked by core_clock)
Path Group: core_clock
Path Type: max

Fanout     Cap    Slew   Delay    Time   Description
-----------------------------------------------------------------------------
                  0.00    0.00    0.00   clock core_clock (rise edge)
                          0.00    0.00   clock network delay (ideal)
                  0.00    0.00    0.00 ^ _5224_/CLK (sky130_fd_sc_hd__dfxtp_2)
     4    0.02    0.10    0.35    0.35 ^ _5224_/Q (sky130_fd_sc_hd__dfxtp_2)
                                         sm2.s1.t2.A_wire[7] (net)
                  0.10    0.00    0.35 ^ _2421_/A (sky130_fd_sc_hd__buf_1)
    10    0.04    0.42    0.36    0.70 ^ _2421_/X (sky130_fd_sc_hd__buf_1)
                                         _2140_ (net)
                  0.42    0.00    0.70 ^ _5156_/A0 (sky130_fd_sc_hd__mux2_2)
     1    0.00    0.04    0.23    0.93 ^ _5156_/X (sky130_fd_sc_hd__mux2_2)
                                         _2078_ (net)
                  0.04    0.00    0.93 ^ _5157_/A (sky130_fd_sc_hd__buf_1)
     1    0.00    0.03    0.07    1.00 ^ _5157_/X (sky130_fd_sc_hd__buf_1)
                                         _0060_ (net)
                  0.03    0.00    1.00 ^ _5224_/D (sky130_fd_sc_hd__dfxtp_2)
                                  1.00   data arrival time

                  0.00   10.00   10.00   clock core_clock (rise edge)
                          0.00   10.00   clock network delay (ideal)
                          0.00   10.00   clock reconvergence pessimism
                                 10.00 ^ _5224_/CLK (sky130_fd_sc_hd__dfxtp_2)
                         -0.06    9.94   library setup time
                                  9.94   data required time
-----------------------------------------------------------------------------
                                  9.94   data required time
                                 -1.00   data arrival time
-----------------------------------------------------------------------------
                                  8.94   slack (MET)




===========================================================================
report_checks --slack_max -0.01
============================================================================
======================= Typical Corner ===================================

No paths found.


===========================================================================
 report_check_types -max_slew -max_cap -max_fanout -violators
============================================================================
======================= Typical Corner ===================================


max slew violations count Typical: 0
max fanout violations count Typical: 0
max cap violations count Typical: 0

===========================================================================
report_parasitic_annotation -report_unannotated
============================================================================
Found 3016 unannotated drivers.
 addr1[0]
 addr1[1]
 addr1[2]
 addr1[3]
 addr1[4]
 addr2[0]
 addr2[1]
 addr2[2]
 addr2[3]
 addr2[4]
 addr3[0]
 addr3[1]
 addr3[2]
 addr3[3]
 addr3[4]
 addr4[0]
 addr4[1]
 addr4[2]
 addr4[3]
 addr4[4]
 addr5[0]
 addr5[1]
 addr5[2]
 addr5[3]
 addr5[4]
 addr6[0]
 addr6[1]
 addr6[2]
 addr6[3]
 addr6[4]
 addr7[0]
 addr7[1]
 addr7[2]
 addr7[3]
 addr7[4]
 addr8[0]
 addr8[1]
 addr8[2]
 addr8[3]
 addr8[4]
 clk
 data1[0]
 data1[1]
 data1[2]
 data1[3]
 data1[4]
 data1[5]
 data1[6]
 data1[7]
 data2[0]
 data2[1]
 data2[2]
 data2[3]
 data2[4]
 data2[5]
 data2[6]
 data2[7]
 data3[0]
 data3[1]
 data3[2]
 data3[3]
 data3[4]
 data3[5]
 data3[6]
 data3[7]
 data4[0]
 data4[1]
 data4[2]
 data4[3]
 data4[4]
 data4[5]
 data4[6]
 data4[7]
 data5[0]
 data5[1]
 data5[2]
 data5[3]
 data5[4]
 data5[5]
 data5[6]
 data5[7]
 data6[0]
 data6[1]
 data6[2]
 data6[3]
 data6[4]
 data6[5]
 data6[6]
 data6[7]
 data7[0]
 data7[1]
 data7[2]
 data7[3]
 data7[4]
 data7[5]
 data7[6]
 data7[7]
 data8[0]
 data8[1]
 data8[2]
 data8[3]
 data8[4]
 data8[5]
 data8[6]
 data8[7]
 en
 rst
 _2359_/X
 _2360_/X
 _2361_/X
 _2362_/X
 _2363_/X
 _2364_/X
 _2365_/X
 _2366_/X
 _2367_/X
 _2368_/X
 _2369_/X
 _2370_/X
 _2371_/X
 _2372_/X
 _2373_/X
 _2374_/Y
 _2375_/X
 _2376_/Y
 _2377_/X
 _2378_/X
 _2379_/X
 _2380_/X
 _2381_/Y
 _2382_/X
 _2383_/X
 _2384_/X
 _2385_/X
 _2386_/X
 _2387_/X
 _2388_/X
 _2389_/X
 _2390_/Y
 _2391_/X
 _2392_/Y
 _2393_/X
 _2394_/X
 _2395_/X
 _2396_/Y
 _2397_/X
 _2398_/Y
 _2399_/Y
 _2400_/X
 _2401_/X
 _2402_/X
 _2403_/Y
 _2404_/X
 _2405_/Y
 _2406_/X
 _2407_/X
 _2408_/X
 _2409_/Y
 _2410_/X
 _2411_/X
 _2412_/X
 _2413_/X
 _2414_/X
 _2415_/X
 _2416_/Y
 _2417_/X
 _2418_/X
 _2419_/X
 _2420_/X
 _2421_/X
 _2422_/Y
 _2423_/Y
 _2424_/X
 _2425_/X
 _2426_/Y
 _2427_/X
 _2428_/X
 _2429_/X
 _2430_/X
 _2431_/X
 _2432_/X
 _2433_/X
 _2434_/X
 _2435_/X
 _2436_/X
 _2437_/X
 _2438_/Y
 _2439_/Y
 _2440_/Y
 _2441_/X
 _2442_/Y
 _2443_/X
 _2444_/Y
 _2445_/X
 _2446_/X
 _2447_/X
 _2448_/X
 _2449_/Y
 _2450_/X
 _2451_/X
 _2452_/Y
 _2453_/X
 _2454_/Y
 _2455_/X
 _2456_/X
 _2457_/X
 _2458_/X
 _2459_/X
 _2460_/X
 _2461_/X
 _2462_/Y
 _2463_/Y
 _2464_/Y
 _2465_/Y
 _2466_/Y
 _2467_/X
 _2468_/Y
 _2469_/X
 _2470_/X
 _2471_/X
 _2472_/X
 _2473_/X
 _2474_/X
 _2475_/X
 _2476_/X
 _2477_/Y
 _2478_/X
 _2479_/X
 _2480_/X
 _2481_/Y
 _2482_/X
 _2483_/X
 _2484_/X
 _2485_/Y
 _2486_/X
 _2487_/X
 _2488_/X
 _2489_/X
 _2490_/X
 _2491_/X
 _2492_/Y
 _2493_/X
 _2494_/X
 _2495_/Y
 _2496_/X
 _2497_/Y
 _2498_/Y
 _2499_/X
 _2500_/X
 _2501_/X
 _2502_/Y
 _2503_/X
 _2504_/X
 _2505_/X
 _2506_/X
 _2507_/Y
 _2508_/Y
 _2509_/Y
 _2510_/X
 _2511_/X
 _2512_/X
 _2513_/X
 _2514_/X
 _2515_/Y
 _2516_/X
 _2517_/Y
 _2518_/Y
 _2519_/X
 _2520_/X
 _2521_/Y
 _2522_/Y
 _2523_/X
 _2524_/X
 _2525_/X
 _2526_/X
 _2527_/X
 _2528_/Y
 _2529_/X
 _2530_/X
 _2531_/X
 _2532_/X
 _2533_/X
 _2534_/Y
 _2535_/Y
 _2536_/X
 _2537_/X
 _2538_/X
 _2539_/Y
 _2540_/X
 _2541_/X
 _2542_/X
 _2543_/Y
 _2544_/X
 _2545_/X
 _2546_/X
 _2547_/X
 _2548_/X
 _2549_/X
 _2550_/X
 _2551_/X
 _2552_/X
 _2553_/X
 _2554_/X
 _2555_/X
 _2556_/X
 _2557_/Y
 _2558_/X
 _2559_/X
 _2560_/X
 _2561_/X
 _2562_/X
 _2563_/X
 _2564_/X
 _2565_/Y
 _2566_/X
 _2567_/X
 _2568_/X
 _2569_/X
 _2570_/X
 _2571_/Y
 _2572_/X
 _2573_/Y
 _2574_/X
 _2575_/X
 _2576_/X
 _2577_/X
 _2578_/X
 _2579_/X
 _2580_/X
 _2581_/X
 _2582_/X
 _2583_/X
 _2584_/X
 _2585_/X
 _2586_/X
 _2587_/X
 _2588_/X
 _2589_/X
 _2590_/Y
 _2591_/Y
 _2592_/Y
 _2593_/Y
 _2594_/X
 _2595_/X
 _2596_/X
 _2597_/X
 _2598_/X
 _2599_/X
 _2600_/X
 _2601_/X
 _2602_/Y
 _2603_/Y
 _2604_/X
 _2605_/X
 _2606_/Y
 _2607_/X
 _2608_/X
 _2609_/X
 _2610_/X
 _2611_/X
 _2612_/X
 _2613_/X
 _2614_/X
 _2615_/X
 _2616_/X
 _2617_/Y
 _2618_/X
 _2619_/X
 _2620_/X
 _2621_/X
 _2622_/X
 _2623_/Y
 _2624_/X
 _2625_/X
 _2626_/X
 _2627_/X
 _2628_/X
 _2629_/X
 _2630_/X
 _2631_/X
 _2632_/X
 _2633_/X
 _2634_/X
 _2635_/X
 _2636_/X
 _2637_/X
 _2638_/X
 _2639_/X
 _2640_/X
 _2641_/X
 _2642_/X
 _2643_/X
 _2644_/X
 _2645_/X
 _2646_/X
 _2647_/X
 _2648_/X
 _2649_/X
 _2650_/X
 _2651_/X
 _2652_/X
 _2653_/X
 _2654_/X
 _2655_/X
 _2656_/X
 _2657_/X
 _2658_/X
 _2659_/Y
 _2660_/X
 _2661_/X
 _2662_/X
 _2663_/X
 _2664_/X
 _2665_/X
 _2666_/X
 _2667_/Y
 _2668_/X
 _2669_/Y
 _2670_/Y
 _2671_/Y
 _2672_/X
 _2673_/X
 _2674_/X
 _2675_/Y
 _2676_/X
 _2677_/X
 _2678_/X
 _2679_/X
 _2680_/Y
 _2681_/X
 _2682_/X
 _2683_/Y
 _2684_/Y
 _2685_/Y
 _2686_/Y
 _2687_/X
 _2688_/X
 _2689_/Y
 _2690_/X
 _2691_/X
 _2692_/Y
 _2693_/Y
 _2694_/Y
 _2695_/X
 _2696_/X
 _2697_/X
 _2698_/X
 _2699_/Y
 _2700_/X
 _2701_/X
 _2702_/X
 _2703_/X
 _2704_/X
 _2705_/X
 _2706_/X
 _2707_/X
 _2708_/X
 _2709_/X
 _2710_/X
 _2711_/Y
 _2712_/X
 _2713_/X
 _2714_/X
 _2715_/Y
 _2716_/Y
 _2717_/X
 _2718_/X
 _2719_/X
 _2720_/X
 _2721_/X
 _2722_/Y
 _2723_/Y
 _2724_/X
 _2725_/X
 _2726_/X
 _2727_/X
 _2728_/Y
 _2729_/X
 _2730_/X
 _2731_/X
 _2732_/X
 _2733_/X
 _2734_/X
 _2735_/Y
 _2736_/X
 _2737_/X
 _2738_/X
 _2739_/X
 _2740_/Y
 _2741_/Y
 _2742_/X
 _2743_/X
 _2744_/Y
 _2745_/X
 _2746_/X
 _2747_/X
 _2748_/X
 _2749_/Y
 _2750_/Y
 _2751_/X
 _2752_/X
 _2753_/X
 _2754_/X
 _2755_/X
 _2756_/X
 _2757_/X
 _2758_/Y
 _2759_/Y
 _2760_/Y
 _2761_/X
 _2762_/X
 _2763_/X
 _2764_/X
 _2765_/Y
 _2766_/Y
 _2767_/X
 _2768_/Y
 _2769_/X
 _2770_/X
 _2771_/X
 _2772_/Y
 _2773_/X
 _2774_/X
 _2775_/X
 _2776_/X
 _2777_/Y
 _2778_/X
 _2779_/X
 _2780_/X
 _2781_/Y
 _2782_/Y
 _2783_/X
 _2784_/X
 _2785_/X
 _2786_/X
 _2787_/X
 _2788_/X
 _2789_/X
 _2790_/Y
 _2791_/X
 _2792_/X
 _2793_/X
 _2794_/X
 _2795_/Y
 _2796_/X
 _2797_/X
 _2798_/X
 _2799_/X
 _2800_/X
 _2801_/X
 _2802_/X
 _2803_/X
 _2804_/X
 _2805_/X
 _2806_/Y
 _2807_/Y
 _2808_/X
 _2809_/X
 _2810_/X
 _2811_/X
 _2812_/X
 _2813_/X
 _2814_/X
 _2815_/X
 _2816_/X
 _2817_/X
 _2818_/Y
 _2819_/Y
 _2820_/X
 _2821_/X
 _2822_/X
 _2823_/X
 _2824_/Y
 _2825_/Y
 _2826_/X
 _2827_/X
 _2828_/X
 _2829_/X
 _2830_/X
 _2831_/X
 _2832_/X
 _2833_/X
 _2834_/X
 _2835_/X
 _2836_/X
 _2837_/X
 _2838_/Y
 _2839_/X
 _2840_/X
 _2841_/X
 _2842_/X
 _2843_/X
 _2844_/X
 _2845_/X
 _2846_/Y
 _2847_/X
 _2848_/X
 _2849_/X
 _2850_/X
 _2851_/X
 _2852_/X
 _2853_/Y
 _2854_/X
 _2855_/X
 _2856_/X
 _2857_/X
 _2858_/X
 _2859_/Y
 _2860_/X
 _2861_/X
 _2862_/Y
 _2863_/Y
 _2864_/X
 _2865_/X
 _2866_/X
 _2867_/X
 _2868_/X
 _2869_/X
 _2870_/X
 _2871_/X
 _2872_/X
 _2873_/X
 _2874_/Y
 _2875_/X
 _2876_/X
 _2877_/X
 _2878_/X
 _2879_/X
 _2880_/X
 _2881_/X
 _2882_/X
 _2883_/X
 _2884_/X
 _2885_/X
 _2886_/X
 _2887_/X
 _2888_/X
 _2889_/X
 _2890_/X
 _2891_/X
 _2892_/Y
 _2893_/X
 _2894_/X
 _2895_/X
 _2896_/X
 _2897_/X
 _2898_/X
 _2899_/Y
 _2900_/Y
 _2901_/X
 _2902_/X
 _2903_/X
 _2904_/X
 _2905_/Y
 _2906_/X
 _2907_/X
 _2908_/X
 _2909_/X
 _2910_/X
 _2911_/X
 _2912_/X
 _2913_/X
 _2914_/X
 _2915_/Y
 _2916_/X
 _2917_/Y
 _2918_/X
 _2919_/X
 _2920_/X
 _2921_/X
 _2922_/Y
 _2923_/X
 _2924_/X
 _2925_/X
 _2926_/X
 _2927_/X
 _2928_/X
 _2929_/X
 _2930_/X
 _2931_/X
 _2932_/X
 _2933_/Y
 _2934_/Y
 _2935_/X
 _2936_/X
 _2937_/X
 _2938_/X
 _2939_/X
 _2940_/X
 _2941_/X
 _2942_/Y
 _2943_/X
 _2944_/Y
 _2945_/Y
 _2946_/X
 _2947_/X
 _2948_/Y
 _2949_/X
 _2950_/X
 _2951_/Y
 _2952_/X
 _2953_/X
 _2954_/X
 _2955_/X
 _2956_/X
 _2957_/X
 _2958_/Y
 _2959_/X
 _2960_/Y
 _2961_/X
 _2962_/X
 _2963_/X
 _2964_/X
 _2965_/Y
 _2966_/Y
 _2967_/X
 _2968_/Y
 _2969_/X
 _2970_/X
 _2971_/X
 _2972_/X
 _2973_/X
 _2974_/Y
 _2975_/X
 _2976_/X
 _2977_/X
 _2978_/Y
 _2979_/Y
 _2980_/X
 _2981_/X
 _2982_/X
 _2983_/X
 _2984_/X
 _2985_/Y
 _2986_/X
 _2987_/X
 _2988_/X
 _2989_/X
 _2990_/X
 _2991_/X
 _2992_/X
 _2993_/X
 _2994_/X
 _2995_/X
 _2996_/Y
 _2997_/Y
 _2998_/X
 _2999_/X
 _3000_/X
 _3001_/Y
 _3002_/X
 _3003_/X
 _3004_/X
 _3005_/Y
 _3006_/Y
 _3007_/X
 _3008_/X
 _3009_/X
 _3010_/X
 _3011_/X
 _3012_/Y
 _3013_/Y
 _3014_/X
 _3015_/X
 _3016_/X
 _3017_/Y
 _3018_/Y
 _3019_/X
 _3020_/X
 _3021_/X
 _3022_/X
 _3023_/X
 _3024_/X
 _3025_/Y
 _3026_/Y
 _3027_/X
 _3028_/X
 _3029_/Y
 _3030_/X
 _3031_/Y
 _3032_/Y
 _3033_/X
 _3034_/X
 _3035_/Y
 _3036_/X
 _3037_/Y
 _3038_/X
 _3039_/X
 _3040_/Y
 _3041_/X
 _3042_/X
 _3043_/Y
 _3044_/X
 _3045_/X
 _3046_/Y
 _3047_/Y
 _3048_/X
 _3049_/X
 _3050_/Y
 _3051_/X
 _3052_/X
 _3053_/X
 _3054_/X
 _3055_/Y
 _3056_/Y
 _3057_/Y
 _3058_/Y
 _3059_/X
 _3060_/X
 _3061_/Y
 _3062_/Y
 _3063_/Y
 _3064_/Y
 _3065_/X
 _3066_/Y
 _3067_/X
 _3068_/X
 _3069_/X
 _3070_/X
 _3071_/X
 _3072_/X
 _3073_/X
 _3074_/X
 _3075_/X
 _3076_/X
 _3077_/X
 _3078_/X
 _3079_/X
 _3080_/X
 _3081_/X
 _3082_/X
 _3083_/Y
 _3084_/Y
 _3085_/X
 _3086_/X
 _3087_/X
 _3088_/X
 _3089_/Y
 _3090_/Y
 _3091_/X
 _3092_/X
 _3093_/X
 _3094_/X
 _3095_/X
 _3096_/X
 _3097_/X
 _3098_/X
 _3099_/X
 _3100_/X
 _3101_/X
 _3102_/Y
 _3103_/Y
 _3104_/X
 _3105_/X
 _3106_/X
 _3107_/X
 _3108_/Y
 _3109_/X
 _3110_/X
 _3111_/X
 _3112_/X
 _3113_/X
 _3114_/X
 _3115_/X
 _3116_/X
 _3117_/X
 _3118_/X
 _3119_/X
 _3120_/Y
 _3121_/X
 _3122_/X
 _3123_/Y
 _3124_/X
 _3125_/X
 _3126_/X
 _3127_/X
 _3128_/X
 _3129_/X
 _3130_/X
 _3131_/X
 _3132_/X
 _3133_/X
 _3134_/X
 _3135_/X
 _3136_/X
 _3137_/X
 _3138_/Y
 _3139_/Y
 _3140_/X
 _3141_/X
 _3142_/X
 _3143_/X
 _3144_/X
 _3145_/X
 _3146_/X
 _3147_/X
 _3148_/X
 _3149_/X
 _3150_/X
 _3151_/X
 _3152_/X
 _3153_/X
 _3154_/X
 _3155_/X
 _3156_/X
 _3157_/X
 _3158_/X
 _3159_/X
 _3160_/Y
 _3161_/Y
 _3162_/X
 _3163_/X
 _3164_/X
 _3165_/X
 _3166_/Y
 _3167_/X
 _3168_/X
 _3169_/X
 _3170_/X
 _3171_/X
 _3172_/X
 _3173_/X
 _3174_/Y
 _3175_/Y
 _3176_/X
 _3177_/X
 _3178_/Y
 _3179_/X
 _3180_/X
 _3181_/Y
 _3182_/Y
 _3183_/X
 _3184_/X
 _3185_/X
 _3186_/Y
 _3187_/X
 _3188_/X
 _3189_/X
 _3190_/X
 _3191_/X
 _3192_/Y
 _3193_/X
 _3194_/X
 _3195_/X
 _3196_/X
 _3197_/X
 _3198_/Y
 _3199_/X
 _3200_/X
 _3201_/X
 _3202_/X
 _3203_/Y
 _3204_/Y
 _3205_/X
 _3206_/X
 _3207_/X
 _3208_/Y
 _3209_/X
 _3210_/X
 _3211_/X
 _3212_/X
 _3213_/X
 _3214_/X
 _3215_/X
 _3216_/X
 _3217_/X
 _3218_/X
 _3219_/X
 _3220_/X
 _3221_/X
 _3222_/X
 _3223_/X
 _3224_/X
 _3225_/Y
 _3226_/X
 _3227_/X
 _3228_/X
 _3229_/X
 _3230_/X
 _3231_/X
 _3232_/X
 _3233_/X
 _3234_/Y
 _3235_/X
 _3236_/X
 _3237_/X
 _3238_/X
 _3239_/X
 _3240_/X
 _3241_/Y
 _3242_/Y
 _3243_/X
 _3244_/X
 _3245_/X
 _3246_/X
 _3247_/X
 _3248_/X
 _3249_/Y
 _3250_/Y
 _3251_/X
 _3252_/X
 _3253_/X
 _3254_/X
 _3255_/X
 _3256_/X
 _3257_/X
 _3258_/X
 _3259_/X
 _3260_/X
 _3261_/Y
 _3262_/Y
 _3263_/Y
 _3264_/X
 _3265_/Y
 _3266_/X
 _3267_/X
 _3268_/X
 _3269_/X
 _3270_/X
 _3271_/X
 _3272_/X
 _3273_/X
 _3274_/Y
 _3275_/Y
 _3276_/X
 _3277_/X
 _3278_/X
 _3279_/X
 _3280_/X
 _3281_/Y
 _3282_/Y
 _3283_/Y
 _3284_/Y
 _3285_/Y
 _3286_/X
 _3287_/X
 _3288_/Y
 _3289_/X
 _3290_/X
 _3291_/X
 _3292_/X
 _3293_/Y
 _3294_/Y
 _3295_/Y
 _3296_/X
 _3297_/X
 _3298_/X
 _3299_/X
 _3300_/X
 _3301_/X
 _3302_/X
 _3303_/X
 _3304_/X
 _3305_/X
 _3306_/X
 _3307_/X
 _3308_/X
 _3309_/X
 _3310_/X
 _3311_/X
 _3312_/X
 _3313_/X
 _3314_/X
 _3315_/X
 _3316_/X
 _3317_/X
 _3318_/X
 _3319_/X
 _3320_/X
 _3321_/X
 _3322_/X
 _3323_/X
 _3324_/X
 _3325_/X
 _3326_/X
 _3327_/X
 _3328_/X
 _3329_/X
 _3330_/X
 _3331_/X
 _3332_/X
 _3333_/Y
 _3334_/X
 _3335_/X
 _3336_/Y
 _3337_/X
 _3338_/X
 _3339_/X
 _3340_/X
 _3341_/X
 _3342_/Y
 _3343_/X
 _3344_/X
 _3345_/X
 _3346_/X
 _3347_/X
 _3348_/X
 _3349_/X
 _3350_/Y
 _3351_/X
 _3352_/X
 _3353_/X
 _3354_/X
 _3355_/X
 _3356_/X
 _3357_/X
 _3358_/X
 _3359_/Y
 _3360_/X
 _3361_/X
 _3362_/X
 _3363_/Y
 _3364_/X
 _3365_/X
 _3366_/Y
 _3367_/X
 _3368_/X
 _3369_/X
 _3370_/X
 _3371_/Y
 _3372_/X
 _3373_/X
 _3374_/X
 _3375_/X
 _3376_/X
 _3377_/X
 _3378_/X
 _3379_/X
 _3380_/Y
 _3381_/X
 _3382_/X
 _3383_/X
 _3384_/Y
 _3385_/Y
 _3386_/X
 _3387_/X
 _3388_/X
 _3389_/X
 _3390_/Y
 _3391_/X
 _3392_/X
 _3393_/X
 _3394_/X
 _3395_/X
 _3396_/X
 _3397_/X
 _3398_/X
 _3399_/X
 _3400_/X
 _3401_/Y
 _3402_/X
 _3403_/X
 _3404_/X
 _3405_/X
 _3406_/X
 _3407_/X
 _3408_/X
 _3409_/X
 _3410_/X
 _3411_/X
 _3412_/X
 _3413_/X
 _3414_/X
 _3415_/X
 _3416_/X
 _3417_/X
 _3418_/Y
 _3419_/Y
 _3420_/X
 _3421_/X
 _3422_/X
 _3423_/X
 _3424_/Y
 _3425_/X
 _3426_/X
 _3427_/X
 _3428_/X
 _3429_/X
 _3430_/X
 _3431_/X
 _3432_/Y
 _3433_/X
 _3434_/Y
 _3435_/X
 _3436_/X
 _3437_/X
 _3438_/X
 _3439_/X
 _3440_/X
 _3441_/X
 _3442_/Y
 _3443_/X
 _3444_/Y
 _3445_/Y
 _3446_/X
 _3447_/X
 _3448_/X
 _3449_/X
 _3450_/X
 _3451_/X
 _3452_/X
 _3453_/X
 _3454_/X
 _3455_/X
 _3456_/X
 _3457_/X
 _3458_/X
 _3459_/X
 _3460_/Y
 _3461_/X
 _3462_/X
 _3463_/Y
 _3464_/Y
 _3465_/X
 _3466_/Y
 _3467_/X
 _3468_/X
 _3469_/X
 _3470_/X
 _3471_/Y
 _3472_/X
 _3473_/X
 _3474_/X
 _3475_/X
 _3476_/X
 _3477_/Y
 _3478_/Y
 _3479_/X
 _3480_/X
 _3481_/X
 _3482_/X
 _3483_/Y
 _3484_/X
 _3485_/X
 _3486_/X
 _3487_/X
 _3488_/X
 _3489_/X
 _3490_/X
 _3491_/X
 _3492_/X
 _3493_/X
 _3494_/X
 _3495_/X
 _3496_/X
 _3497_/X
 _3498_/X
 _3499_/Y
 _3500_/X
 _3501_/X
 _3502_/X
 _3503_/X
 _3504_/X
 _3505_/X
 _3506_/X
 _3507_/X
 _3508_/X
 _3509_/X
 _3510_/X
 _3511_/X
 _3512_/X
 _3513_/X
 _3514_/Y
 _3515_/Y
 _3516_/X
 _3517_/X
 _3518_/X
 _3519_/X
 _3520_/X
 _3521_/X
 _3522_/X
 _3523_/Y
 _3524_/X
 _3525_/X
 _3526_/X
 _3527_/X
 _3528_/X
 _3529_/X
 _3530_/X
 _3531_/X
 _3532_/X
 _3533_/X
 _3534_/Y
 _3535_/X
 _3536_/X
 _3537_/X
 _3538_/X
 _3539_/X
 _3540_/X
 _3541_/X
 _3542_/X
 _3543_/X
 _3544_/X
 _3545_/X
 _3546_/X
 _3547_/X
 _3548_/X
 _3549_/Y
 _3550_/X
 _3551_/Y
 _3552_/X
 _3553_/Y
 _3554_/Y
 _3555_/Y
 _3556_/Y
 _3557_/X
 _3558_/X
 _3559_/X
 _3560_/X
 _3561_/X
 _3562_/X
 _3563_/Y
 _3564_/Y
 _3565_/Y
 _3566_/X
 _3567_/X
 _3568_/X
 _3569_/X
 _3570_/X
 _3571_/X
 _3572_/X
 _3573_/X
 _3574_/X
 _3575_/X
 _3576_/X
 _3577_/X
 _3578_/X
 _3579_/X
 _3580_/X
 _3581_/X
 _3582_/X
 _3583_/X
 _3584_/X
 _3585_/X
 _3586_/X
 _3587_/X
 _3588_/X
 _3589_/X
 _3590_/X
 _3591_/X
 _3592_/X
 _3593_/X
 _3594_/X
 _3595_/X
 _3596_/X
 _3597_/Y
 _3598_/X
 _3599_/Y
 _3600_/X
 _3601_/X
 _3602_/X
 _3603_/X
 _3604_/X
 _3605_/X
 _3606_/X
 _3607_/Y
 _3608_/X
 _3609_/X
 _3610_/X
 _3611_/X
 _3612_/X
 _3613_/X
 _3614_/X
 _3615_/X
 _3616_/X
 _3617_/X
 _3618_/Y
 _3619_/X
 _3620_/X
 _3621_/X
 _3622_/Y
 _3623_/Y
 _3624_/X
 _3625_/Y
 _3626_/X
 _3627_/Y
 _3628_/X
 _3629_/Y
 _3630_/Y
 _3631_/X
 _3632_/Y
 _3633_/Y
 _3634_/X
 _3635_/X
 _3636_/X
 _3637_/X
 _3638_/X
 _3639_/X
 _3640_/X
 _3641_/X
 _3642_/X
 _3643_/X
 _3644_/X
 _3645_/X
 _3646_/X
 _3647_/Y
 _3648_/Y
 _3649_/Y
 _3650_/X
 _3651_/X
 _3652_/X
 _3653_/X
 _3654_/X
 _3655_/X
 _3656_/X
 _3657_/X
 _3658_/X
 _3659_/Y
 _3660_/Y
 _3661_/X
 _3662_/X
 _3663_/X
 _3664_/X
 _3665_/X
 _3666_/X
 _3667_/X
 _3668_/X
 _3669_/X
 _3670_/Y
 _3671_/X
 _3672_/X
 _3673_/Y
 _3674_/Y
 _3675_/X
 _3676_/Y
 _3677_/X
 _3678_/X
 _3679_/Y
 _3680_/X
 _3681_/Y
 _3682_/X
 _3683_/X
 _3684_/X
 _3685_/X
 _3686_/X
 _3687_/Y
 _3688_/X
 _3689_/X
 _3690_/X
 _3691_/X
 _3692_/X
 _3693_/X
 _3694_/Y
 _3695_/X
 _3696_/X
 _3697_/X
 _3698_/X
 _3699_/Y
 _3700_/X
 _3701_/X
 _3702_/X
 _3703_/Y
 _3704_/X
 _3705_/X
 _3706_/X
 _3707_/X
 _3708_/Y
 _3709_/X
 _3710_/X
 _3711_/X
 _3712_/X
 _3713_/Y
 _3714_/X
 _3715_/X
 _3716_/X
 _3717_/X
 _3718_/X
 _3719_/Y
 _3720_/Y
 _3721_/X
 _3722_/X
 _3723_/X
 _3724_/X
 _3725_/X
 _3726_/Y
 _3727_/Y
 _3728_/X
 _3729_/Y
 _3730_/X
 _3731_/X
 _3732_/Y
 _3733_/X
 _3734_/Y
 _3735_/Y
 _3736_/Y
 _3737_/X
 _3738_/Y
 _3739_/X
 _3740_/Y
 _3741_/Y
 _3742_/X
 _3743_/Y
 _3744_/Y
 _3745_/Y
 _3746_/X
 _3747_/Y
 _3748_/X
 _3749_/X
 _3750_/Y
 _3751_/Y
 _3752_/X
 _3753_/Y
 _3754_/Y
 _3755_/X
 _3756_/Y
 _3757_/Y
 _3758_/Y
 _3759_/Y
 _3760_/Y
 _3761_/X
 _3762_/Y
 _3763_/X
 _3764_/Y
 _3765_/X
 _3766_/Y
 _3767_/X
 _3768_/Y
 _3769_/Y
 _3770_/Y
 _3771_/X
 _3772_/Y
 _3773_/X
 _3774_/Y
 _3775_/X
 _3776_/X
 _3777_/Y
 _3778_/X
 _3779_/Y
 _3780_/X
 _3781_/X
 _3782_/X
 _3783_/X
 _3784_/Y
 _3785_/Y
 _3786_/X
 _3787_/Y
 _3788_/X
 _3789_/X
 _3790_/Y
 _3791_/Y
 _3792_/Y
 _3793_/Y
 _3794_/X
 _3795_/Y
 _3796_/Y
 _3797_/Y
 _3798_/X
 _3799_/X
 _3800_/Y
 _3801_/Y
 _3802_/Y
 _3803_/Y
 _3804_/Y
 _3805_/X
 _3806_/Y
 _3807_/Y
 _3808_/X
 _3809_/X
 _3810_/Y
 _3811_/Y
 _3812_/X
 _3813_/X
 _3814_/Y
 _3815_/X
 _3816_/Y
 _3817_/X
 _3818_/Y
 _3819_/X
 _3820_/X
 _3821_/X
 _3822_/X
 _3823_/X
 _3824_/Y
 _3825_/Y
 _3826_/Y
 _3827_/X
 _3828_/Y
 _3829_/X
 _3830_/Y
 _3831_/Y
 _3832_/Y
 _3833_/X
 _3834_/X
 _3835_/X
 _3836_/X
 _3837_/X
 _3838_/X
 _3839_/X
 _3840_/X
 _3841_/X
 _3842_/X
 _3843_/X
 _3844_/X
 _3845_/X
 _3846_/X
 _3847_/X
 _3848_/X
 _3849_/X
 _3850_/X
 _3851_/Y
 _3852_/Y
 _3853_/X
 _3854_/Y
 _3855_/X
 _3856_/X
 _3857_/X
 _3858_/X
 _3859_/Y
 _3860_/Y
 _3861_/Y
 _3862_/X
 _3863_/Y
 _3864_/X
 _3865_/X
 _3866_/X
 _3867_/X
 _3868_/Y
 _3869_/Y
 _3870_/X
 _3871_/X
 _3872_/X
 _3873_/X
 _3874_/X
 _3875_/Y
 _3876_/X
 _3877_/X
 _3878_/X
 _3879_/X
 _3880_/X
 _3881_/Y
 _3882_/Y
 _3883_/X
 _3884_/Y
 _3885_/Y
 _3886_/Y
 _3887_/Y
 _3888_/X
 _3889_/Y
 _3890_/Y
 _3891_/Y
 _3892_/Y
 _3893_/Y
 _3894_/X
 _3895_/Y
 _3896_/Y
 _3897_/Y
 _3898_/X
 _3899_/X
 _3900_/X
 _3901_/X
 _3902_/X
 _3903_/X
 _3904_/X
 _3905_/X
 _3906_/X
 _3907_/Y
 _3908_/Y
 _3909_/X
 _3910_/Y
 _3911_/Y
 _3912_/X
 _3913_/X
 _3914_/X
 _3915_/X
 _3916_/X
 _3917_/X
 _3918_/Y
 _3919_/Y
 _3920_/X
 _3921_/Y
 _3922_/X
 _3923_/Y
 _3924_/X
 _3925_/Y
 _3926_/Y
 _3927_/X
 _3928_/X
 _3929_/X
 _3930_/Y
 _3931_/Y
 _3932_/Y
 _3933_/X
 _3934_/X
 _3935_/Y
 _3936_/X
 _3937_/X
 _3938_/X
 _3939_/X
 _3940_/Y
 _3941_/Y
 _3942_/X
 _3943_/Y
 _3944_/X
 _3945_/X
 _3946_/Y
 _3947_/Y
 _3948_/X
 _3949_/Y
 _3950_/X
 _3951_/Y
 _3952_/Y
 _3953_/Y
 _3954_/Y
 _3955_/X
 _3956_/X
 _3957_/Y
 _3958_/X
 _3959_/Y
 _3960_/X
 _3961_/Y
 _3962_/Y
 _3963_/X
 _3964_/X
 _3965_/Y
 _3966_/X
 _3967_/Y
 _3968_/Y
 _3969_/Y
 _3970_/X
 _3971_/X
 _3972_/Y
 _3973_/X
 _3974_/X
 _3975_/Y
 _3976_/Y
 _3977_/X
 _3978_/X
 _3979_/Y
 _3980_/Y
 _3981_/X
 _3982_/X
 _3983_/X
 _3984_/X
 _3985_/Y
 _3986_/Y
 _3987_/Y
 _3988_/Y
 _3989_/X
 _3990_/X
 _3991_/X
 _3992_/Y
 _3993_/X
 _3994_/Y
 _3995_/X
 _3996_/Y
 _3997_/X
 _3998_/X
 _3999_/X
 _4000_/X
 _4001_/Y
 _4002_/Y
 _4003_/X
 _4004_/Y
 _4005_/Y
 _4006_/Y
 _4007_/X
 _4008_/X
 _4009_/X
 _4010_/X
 _4011_/X
 _4012_/X
 _4013_/Y
 _4014_/X
 _4015_/Y
 _4016_/X
 _4017_/Y
 _4018_/Y
 _4019_/Y
 _4020_/X
 _4021_/Y
 _4022_/Y
 _4023_/Y
 _4024_/Y
 _4025_/X
 _4026_/Y
 _4027_/X
 _4028_/Y
 _4029_/X
 _4030_/X
 _4031_/X
 _4032_/X
 _4033_/Y
 _4034_/Y
 _4035_/X
 _4036_/X
 _4037_/X
 _4038_/Y
 _4039_/Y
 _4040_/Y
 _4041_/Y
 _4042_/Y
 _4043_/Y
 _4044_/X
 _4045_/Y
 _4046_/Y
 _4047_/X
 _4048_/X
 _4049_/Y
 _4050_/X
 _4051_/X
 _4052_/Y
 _4053_/Y
 _4054_/X
 _4055_/X
 _4056_/Y
 _4057_/X
 _4058_/X
 _4059_/Y
 _4060_/Y
 _4061_/X
 _4062_/Y
 _4063_/Y
 _4064_/X
 _4065_/X
 _4066_/X
 _4067_/X
 _4068_/X
 _4069_/Y
 _4070_/X
 _4071_/Y
 _4072_/Y
 _4073_/X
 _4074_/X
 _4075_/X
 _4076_/Y
 _4077_/X
 _4078_/Y
 _4079_/Y
 _4080_/Y
 _4081_/X
 _4082_/X
 _4083_/Y
 _4084_/Y
 _4085_/X
 _4086_/Y
 _4087_/Y
 _4088_/Y
 _4089_/Y
 _4090_/Y
 _4091_/Y
 _4092_/X
 _4093_/X
 _4094_/Y
 _4095_/Y
 _4096_/X
 _4097_/X
 _4098_/X
 _4099_/X
 _4100_/X
 _4101_/Y
 _4102_/Y
 _4103_/Y
 _4104_/X
 _4105_/Y
 _4106_/Y
 _4107_/Y
 _4108_/Y
 _4109_/X
 _4110_/Y
 _4111_/Y
 _4112_/Y
 _4113_/Y
 _4114_/Y
 _4115_/Y
 _4116_/X
 _4117_/X
 _4118_/X
 _4119_/X
 _4120_/Y
 _4121_/Y
 _4122_/X
 _4123_/Y
 _4124_/X
 _4125_/Y
 _4126_/Y
 _4127_/X
 _4128_/Y
 _4129_/X
 _4130_/Y
 _4131_/Y
 _4132_/X
 _4133_/Y
 _4134_/Y
 _4135_/Y
 _4136_/X
 _4137_/Y
 _4138_/Y
 _4139_/X
 _4140_/X
 _4141_/Y
 _4142_/Y
 _4143_/Y
 _4144_/X
 _4145_/X
 _4146_/Y
 _4147_/X
 _4148_/X
 _4149_/X
 _4150_/Y
 _4151_/X
 _4152_/Y
 _4153_/X
 _4154_/X
 _4155_/Y
 _4156_/X
 _4157_/X
 _4158_/Y
 _4159_/X
 _4160_/Y
 _4161_/Y
 _4162_/Y
 _4163_/X
 _4164_/X
 _4165_/X
 _4166_/Y
 _4167_/X
 _4168_/Y
 _4169_/Y
 _4170_/Y
 _4171_/Y
 _4172_/X
 _4173_/Y
 _4174_/X
 _4175_/Y
 _4176_/X
 _4177_/Y
 _4178_/Y
 _4179_/X
 _4180_/X
 _4181_/Y
 _4182_/Y
 _4183_/Y
 _4184_/Y
 _4185_/Y
 _4186_/X
 _4187_/X
 _4188_/X
 _4189_/X
 _4190_/X
 _4191_/X
 _4192_/X
 _4193_/Y
 _4194_/Y
 _4195_/Y
 _4196_/Y
 _4197_/Y
 _4198_/X
 _4199_/Y
 _4200_/X
 _4201_/X
 _4202_/X
 _4203_/X
 _4204_/Y
 _4205_/Y
 _4206_/X
 _4207_/Y
 _4208_/X
 _4209_/X
 _4210_/X
 _4211_/X
 _4212_/Y
 _4213_/Y
 _4214_/Y
 _4215_/X
 _4216_/Y
 _4217_/X
 _4218_/Y
 _4219_/Y
 _4220_/X
 _4221_/X
 _4222_/X
 _4223_/Y
 _4224_/Y
 _4225_/X
 _4226_/Y
 _4227_/X
 _4228_/Y
 _4229_/Y
 _4230_/Y
 _4231_/X
 _4232_/Y
 _4233_/Y
 _4234_/X
 _4235_/X
 _4236_/X
 _4237_/X
 _4238_/X
 _4239_/Y
 _4240_/Y
 _4241_/X
 _4242_/X
 _4243_/X
 _4244_/X
 _4245_/X
 _4246_/Y
 _4247_/Y
 _4248_/Y
 _4249_/X
 _4250_/X
 _4251_/Y
 _4252_/X
 _4253_/Y
 _4254_/X
 _4255_/X
 _4256_/X
 _4257_/Y
 _4258_/Y
 _4259_/X
 _4260_/X
 _4261_/X
 _4262_/X
 _4263_/X
 _4264_/X
 _4265_/X
 _4266_/Y
 _4267_/Y
 _4268_/X
 _4269_/X
 _4270_/Y
 _4271_/Y
 _4272_/Y
 _4273_/Y
 _4274_/Y
 _4275_/X
 _4276_/Y
 _4277_/X
 _4278_/Y
 _4279_/Y
 _4280_/X
 _4281_/X
 _4282_/Y
 _4283_/X
 _4284_/Y
 _4285_/X
 _4286_/X
 _4287_/X
 _4288_/X
 _4289_/Y
 _4290_/X
 _4291_/Y
 _4292_/X
 _4293_/Y
 _4294_/X
 _4295_/Y
 _4296_/Y
 _4297_/X
 _4298_/Y
 _4299_/X
 _4300_/X
 _4301_/X
 _4302_/Y
 _4303_/Y
 _4304_/Y
 _4305_/Y
 _4306_/X
 _4307_/X
 _4308_/Y
 _4309_/Y
 _4310_/Y
 _4311_/X
 _4312_/Y
 _4313_/X
 _4314_/X
 _4315_/X
 _4316_/Y
 _4317_/Y
 _4318_/X
 _4319_/X
 _4320_/X
 _4321_/X
 _4322_/X
 _4323_/Y
 _4324_/Y
 _4325_/Y
 _4326_/X
 _4327_/Y
 _4328_/X
 _4329_/Y
 _4330_/X
 _4331_/X
 _4332_/X
 _4333_/Y
 _4334_/Y
 _4335_/Y
 _4336_/Y
 _4337_/Y
 _4338_/X
 _4339_/Y
 _4340_/Y
 _4341_/X
 _4342_/X
 _4343_/Y
 _4344_/Y
 _4345_/Y
 _4346_/Y
 _4347_/Y
 _4348_/Y
 _4349_/X
 _4350_/Y
 _4351_/Y
 _4352_/X
 _4353_/X
 _4354_/Y
 _4355_/Y
 _4356_/Y
 _4357_/X
 _4358_/X
 _4359_/Y
 _4360_/X
 _4361_/Y
 _4362_/X
 _4363_/Y
 _4364_/Y
 _4365_/Y
 _4366_/Y
 _4367_/Y
 _4368_/X
 _4369_/X
 _4370_/X
 _4371_/X
 _4372_/X
 _4373_/X
 _4374_/Y
 _4375_/X
 _4376_/Y
 _4377_/X
 _4378_/X
 _4379_/Y
 _4380_/Y
 _4381_/Y
 _4382_/Y
 _4383_/X
 _4384_/X
 _4385_/X
 _4386_/Y
 _4387_/X
 _4388_/Y
 _4389_/Y
 _4390_/Y
 _4391_/Y
 _4392_/X
 _4393_/Y
 _4394_/X
 _4395_/Y
 _4396_/X
 _4397_/Y
 _4398_/Y
 _4399_/Y
 _4400_/Y
 _4401_/X
 _4402_/Y
 _4403_/X
 _4404_/X
 _4405_/X
 _4406_/X
 _4407_/X
 _4408_/Y
 _4409_/Y
 _4410_/X
 _4411_/X
 _4412_/X
 _4413_/X
 _4414_/X
 _4415_/X
 _4416_/Y
 _4417_/X
 _4418_/X
 _4419_/Y
 _4420_/X
 _4421_/Y
 _4422_/Y
 _4423_/Y
 _4424_/Y
 _4425_/Y
 _4426_/X
 _4427_/X
 _4428_/X
 _4429_/X
 _4430_/X
 _4431_/Y
 _4432_/Y
 _4433_/X
 _4434_/Y
 _4435_/X
 _4436_/Y
 _4437_/X
 _4438_/Y
 _4439_/X
 _4440_/Y
 _4441_/X
 _4442_/X
 _4443_/Y
 _4444_/X
 _4445_/Y
 _4446_/Y
 _4447_/X
 _4448_/X
 _4449_/X
 _4450_/Y
 _4451_/X
 _4452_/Y
 _4453_/X
 _4454_/Y
 _4455_/X
 _4456_/X
 _4457_/X
 _4458_/X
 _4459_/Y
 _4460_/X
 _4461_/X
 _4462_/X
 _4463_/X
 _4464_/X
 _4465_/Y
 _4466_/X
 _4467_/Y
 _4468_/X
 _4469_/X
 _4470_/Y
 _4471_/Y
 _4472_/Y
 _4473_/X
 _4474_/Y
 _4475_/Y
 _4476_/Y
 _4477_/Y
 _4478_/X
 _4479_/X
 _4480_/Y
 _4481_/X
 _4482_/Y
 _4483_/X
 _4484_/X
 _4485_/Y
 _4486_/Y
 _4487_/X
 _4488_/X
 _4489_/X
 _4490_/X
 _4491_/X
 _4492_/X
 _4493_/X
 _4494_/X
 _4495_/Y
 _4496_/Y
 _4497_/Y
 _4498_/Y
 _4499_/Y
 _4500_/X
 _4501_/X
 _4502_/X
 _4503_/X
 _4504_/X
 _4505_/X
 _4506_/X
 _4507_/X
 _4508_/X
 _4509_/Y
 _4510_/X
 _4511_/Y
 _4512_/X
 _4513_/X
 _4514_/X
 _4515_/X
 _4516_/Y
 _4517_/X
 _4518_/X
 _4519_/X
 _4520_/X
 _4521_/X
 _4522_/X
 _4523_/Y
 _4524_/Y
 _4525_/Y
 _4526_/X
 _4527_/X
 _4528_/X
 _4529_/X
 _4530_/X
 _4531_/X
 _4532_/X
 _4533_/X
 _4534_/X
 _4535_/Y
 _4536_/Y
 _4537_/X
 _4538_/Y
 _4539_/Y
 _4540_/X
 _4541_/Y
 _4542_/X
 _4543_/Y
 _4544_/X
 _4545_/X
 _4546_/Y
 _4547_/X
 _4548_/Y
 _4549_/Y
 _4550_/X
 _4551_/Y
 _4552_/X
 _4553_/X
 _4554_/X
 _4555_/X
 _4556_/X
 _4557_/X
 _4558_/X
 _4559_/Y
 _4560_/X
 _4561_/X
 _4562_/X
 _4563_/X
 _4564_/X
 _4565_/X
 _4566_/Y
 _4567_/X
 _4568_/X
 _4569_/Y
 _4570_/X
 _4571_/Y
 _4572_/Y
 _4573_/X
 _4574_/X
 _4575_/Y
 _4576_/X
 _4577_/X
 _4578_/Y
 _4579_/Y
 _4580_/X
 _4581_/Y
 _4582_/Y
 _4583_/X
 _4584_/X
 _4585_/X
 _4586_/Y
 _4587_/Y
 _4588_/Y
 _4589_/X
 _4590_/Y
 _4591_/X
 _4592_/X
 _4593_/X
 _4594_/X
 _4595_/Y
 _4596_/X
 _4597_/X
 _4598_/X
 _4599_/Y
 _4600_/Y
 _4601_/X
 _4602_/Y
 _4603_/Y
 _4604_/Y
 _4605_/X
 _4606_/Y
 _4607_/X
 _4608_/X
 _4609_/Y
 _4610_/X
 _4611_/X
 _4612_/X
 _4613_/Y
 _4614_/X
 _4615_/Y
 _4616_/Y
 _4617_/X
 _4618_/X
 _4619_/X
 _4620_/X
 _4621_/Y
 _4622_/Y
 _4623_/X
 _4624_/X
 _4625_/X
 _4626_/X
 _4627_/Y
 _4628_/Y
 _4629_/Y
 _4630_/X
 _4631_/X
 _4632_/X
 _4633_/X
 _4634_/X
 _4635_/X
 _4636_/X
 _4637_/X
 _4638_/X
 _4639_/Y
 _4640_/X
 _4641_/Y
 _4642_/X
 _4643_/X
 _4644_/Y
 _4645_/Y
 _4646_/X
 _4647_/Y
 _4648_/Y
 _4649_/Y
 _4650_/Y
 _4651_/Y
 _4652_/Y
 _4653_/X
 _4654_/X
 _4655_/Y
 _4656_/X
 _4657_/X
 _4658_/Y
 _4659_/X
 _4660_/X
 _4661_/X
 _4662_/X
 _4663_/X
 _4664_/X
 _4665_/X
 _4666_/Y
 _4667_/Y
 _4668_/Y
 _4669_/X
 _4670_/Y
 _4671_/X
 _4672_/X
 _4673_/X
 _4674_/Y
 _4675_/Y
 _4676_/X
 _4677_/Y
 _4678_/X
 _4679_/Y
 _4680_/Y
 _4681_/X
 _4682_/X
 _4683_/X
 _4684_/Y
 _4685_/X
 _4686_/X
 _4687_/X
 _4688_/X
 _4689_/X
 _4690_/Y
 _4691_/Y
 _4692_/Y
 _4693_/Y
 _4694_/X
 _4695_/X
 _4696_/Y
 _4697_/Y
 _4698_/Y
 _4699_/Y
 _4700_/X
 _4701_/Y
 _4702_/Y
 _4703_/X
 _4704_/Y
 _4705_/Y
 _4706_/X
 _4707_/Y
 _4708_/Y
 _4709_/Y
 _4710_/X
 _4711_/X
 _4712_/Y
 _4713_/Y
 _4714_/X
 _4715_/X
 _4716_/Y
 _4717_/Y
 _4718_/Y
 _4719_/Y
 _4720_/Y
 _4721_/Y
 _4722_/X
 _4723_/X
 _4724_/Y
 _4725_/Y
 _4726_/Y
 _4727_/X
 _4728_/X
 _4729_/X
 _4730_/X
 _4731_/Y
 _4732_/X
 _4733_/Y
 _4734_/X
 _4735_/X
 _4736_/X
 _4737_/Y
 _4738_/X
 _4739_/Y
 _4740_/Y
 _4741_/X
 _4742_/X
 _4743_/Y
 _4744_/Y
 _4745_/X
 _4746_/Y
 _4747_/Y
 _4748_/Y
 _4749_/X
 _4750_/X
 _4751_/X
 _4752_/X
 _4753_/X
 _4754_/X
 _4755_/Y
 _4756_/X
 _4757_/Y
 _4758_/Y
 _4759_/X
 _4760_/Y
 _4761_/X
 _4762_/X
 _4763_/Y
 _4764_/Y
 _4765_/Y
 _4766_/X
 _4767_/Y
 _4768_/X
 _4769_/Y
 _4770_/Y
 _4771_/X
 _4772_/X
 _4773_/Y
 _4774_/Y
 _4775_/X
 _4776_/Y
 _4777_/Y
 _4778_/Y
 _4779_/Y
 _4780_/X
 _4781_/Y
 _4782_/Y
 _4783_/X
 _4784_/X
 _4785_/Y
 _4786_/Y
 _4787_/Y
 _4788_/X
 _4789_/X
 _4790_/X
 _4791_/X
 _4792_/X
 _4793_/X
 _4794_/Y
 _4795_/X
 _4796_/Y
 _4797_/Y
 _4798_/X
 _4799_/X
 _4800_/X
 _4801_/Y
 _4802_/X
 _4803_/Y
 _4804_/X
 _4805_/Y
 _4806_/Y
 _4807_/X
 _4808_/Y
 _4809_/X
 _4810_/X
 _4811_/X
 _4812_/X
 _4813_/Y
 _4814_/Y
 _4815_/X
 _4816_/Y
 _4817_/X
 _4818_/X
 _4819_/X
 _4820_/X
 _4821_/X
 _4822_/X
 _4823_/Y
 _4824_/Y
 _4825_/X
 _4826_/X
 _4827_/X
 _4828_/X
 _4829_/Y
 _4830_/X
 _4831_/X
 _4832_/X
 _4833_/Y
 _4834_/Y
 _4835_/Y
 _4836_/X
 _4837_/Y
 _4838_/X
 _4839_/Y
 _4840_/X
 _4841_/X
 _4842_/X
 _4843_/Y
 _4844_/Y
 _4845_/X
 _4846_/Y
 _4847_/X
 _4848_/X
 _4849_/X
 _4850_/Y
 _4851_/X
 _4852_/X
 _4853_/Y
 _4854_/Y
 _4855_/X
 _4856_/Y
 _4857_/Y
 _4858_/Y
 _4859_/X
 _4860_/X
 _4861_/X
 _4862_/Y
 _4863_/Y
 _4864_/Y
 _4865_/X
 _4866_/X
 _4867_/X
 _4868_/X
 _4869_/X
 _4870_/Y
 _4871_/Y
 _4872_/Y
 _4873_/Y
 _4874_/Y
 _4875_/Y
 _4876_/X
 _4877_/X
 _4878_/X
 _4879_/Y
 _4880_/Y
 _4881_/X
 _4882_/X
 _4883_/X
 _4884_/X
 _4885_/Y
 _4886_/Y
 _4887_/X
 _4888_/X
 _4889_/X
 _4890_/Y
 _4891_/Y
 _4892_/Y
 _4893_/X
 _4894_/Y
 _4895_/X
 _4896_/Y
 _4897_/X
 _4898_/Y
 _4899_/X
 _4900_/Y
 _4901_/X
 _4902_/Y
 _4903_/X
 _4904_/Y
 _4905_/Y
 _4906_/Y
 _4907_/Y
 _4908_/X
 _4909_/X
 _4910_/X
 _4911_/Y
 _4912_/X
 _4913_/X
 _4914_/X
 _4915_/Y
 _4916_/X
 _4917_/X
 _4918_/Y
 _4919_/Y
 _4920_/X
 _4921_/X
 _4922_/X
 _4923_/Y
 _4924_/Y
 _4925_/X
 _4926_/X
 _4927_/X
 _4928_/Y
 _4929_/Y
 _4930_/Y
 _4931_/Y
 _4932_/Y
 _4933_/X
 _4934_/Y
 _4935_/X
 _4936_/X
 _4937_/X
 _4938_/Y
 _4939_/Y
 _4940_/X
 _4941_/X
 _4942_/X
 _4943_/X
 _4944_/X
 _4945_/X
 _4946_/X
 _4947_/Y
 _4948_/X
 _4949_/Y
 _4950_/X
 _4951_/Y
 _4952_/X
 _4953_/Y
 _4954_/Y
 _4955_/Y
 _4956_/X
 _4957_/Y
 _4958_/Y
 _4959_/X
 _4960_/Y
 _4961_/Y
 _4962_/Y
 _4963_/Y
 _4964_/X
 _4965_/Y
 _4966_/Y
 _4967_/X
 _4968_/X
 _4969_/Y
 _4970_/X
 _4971_/X
 _4972_/X
 _4973_/Y
 _4974_/X
 _4975_/X
 _4976_/Y
 _4977_/X
 _4978_/X
 _4979_/X
 _4980_/X
 _4981_/X
 _4982_/X
 _4983_/X
 _4984_/Y
 _4985_/X
 _4986_/X
 _4987_/X
 _4988_/X
 _4989_/Y
 _4990_/Y
 _4991_/X
 _4992_/X
 _4993_/X
 _4994_/X
 _4995_/X
 _4996_/X
 _4997_/X
 _4998_/X
 _4999_/X
 _5000_/X
 _5001_/X
 _5002_/Y
 _5003_/Y
 _5004_/X
 _5005_/X
 _5006_/Y
 _5007_/X
 _5008_/X
 _5009_/X
 _5010_/X
 _5011_/Y
 _5012_/Y
 _5013_/X
 _5014_/Y
 _5015_/Y
 _5016_/Y
 _5017_/X
 _5018_/X
 _5019_/Y
 _5020_/Y
 _5021_/Y
 _5022_/X
 _5023_/X
 _5024_/X
 _5025_/Y
 _5026_/Y
 _5027_/Y
 _5028_/Y
 _5029_/X
 _5030_/X
 _5031_/X
 _5032_/X
 _5033_/X
 _5034_/X
 _5035_/X
 _5036_/X
 _5037_/X
 _5038_/X
 _5039_/X
 _5040_/X
 _5041_/X
 _5042_/X
 _5043_/X
 _5044_/X
 _5045_/X
 _5046_/X
 _5047_/X
 _5048_/X
 _5049_/X
 _5050_/X
 _5051_/X
 _5052_/X
 _5053_/X
 _5054_/X
 _5055_/X
 _5056_/X
 _5057_/X
 _5058_/X
 _5059_/X
 _5060_/X
 _5061_/X
 _5062_/X
 _5063_/X
 _5064_/X
 _5065_/X
 _5066_/X
 _5067_/X
 _5068_/X
 _5069_/X
 _5070_/X
 _5071_/X
 _5072_/X
 _5073_/X
 _5074_/X
 _5075_/X
 _5076_/X
 _5077_/X
 _5078_/X
 _5079_/X
 _5080_/X
 _5081_/X
 _5082_/X
 _5083_/X
 _5084_/X
 _5085_/X
 _5086_/X
 _5087_/X
 _5088_/X
 _5089_/X
 _5090_/X
 _5091_/X
 _5092_/X
 _5093_/X
 _5094_/X
 _5095_/X
 _5096_/X
 _5097_/X
 _5098_/X
 _5099_/X
 _5100_/X
 _5101_/X
 _5102_/X
 _5103_/X
 _5104_/X
 _5105_/X
 _5106_/X
 _5107_/X
 _5108_/X
 _5109_/X
 _5110_/X
 _5111_/X
 _5112_/X
 _5113_/X
 _5114_/X
 _5115_/X
 _5116_/X
 _5117_/X
 _5118_/X
 _5119_/X
 _5120_/X
 _5121_/X
 _5122_/X
 _5123_/X
 _5124_/X
 _5125_/X
 _5126_/X
 _5127_/X
 _5128_/X
 _5129_/X
 _5130_/X
 _5131_/X
 _5132_/X
 _5133_/X
 _5134_/X
 _5135_/X
 _5136_/X
 _5137_/X
 _5138_/X
 _5139_/X
 _5140_/X
 _5141_/X
 _5142_/X
 _5143_/X
 _5144_/X
 _5145_/X
 _5146_/X
 _5147_/X
 _5148_/X
 _5149_/X
 _5150_/X
 _5151_/X
 _5152_/X
 _5153_/X
 _5154_/X
 _5155_/X
 _5156_/X
 _5157_/X
 _5158_/X
 _5159_/X
 _5160_/X
 _5161_/X
 _5162_/X
 _5163_/X
 _5164_/Q
 _5165_/Q
 _5166_/Q
 _5167_/Q
 _5168_/Q
 _5169_/Q
 _5170_/Q
 _5171_/Q
 _5172_/Q
 _5173_/Q
 _5174_/Q
 _5175_/Q
 _5176_/Q
 _5177_/Q
 _5178_/Q
 _5179_/Q
 _5180_/Q
 _5181_/Q
 _5182_/Q
 _5183_/Q
 _5184_/Q
 _5185_/Q
 _5186_/Q
 _5187_/Q
 _5188_/Q
 _5189_/Q
 _5190_/Q
 _5191_/Q
 _5192_/Q
 _5193_/Q
 _5194_/Q
 _5195_/Q
 _5196_/Q
 _5197_/Q
 _5198_/Q
 _5199_/Q
 _5200_/Q
 _5201_/Q
 _5202_/Q
 _5203_/Q
 _5204_/Q
 _5205_/Q
 _5206_/Q
 _5207_/Q
 _5208_/Q
 _5209_/Q
 _5210_/Q
 _5211_/Q
 _5212_/Q
 _5213_/Q
 _5214_/Q
 _5215_/Q
 _5216_/Q
 _5217_/Q
 _5218_/Q
 _5219_/Q
 _5220_/Q
 _5221_/Q
 _5222_/Q
 _5223_/Q
 _5224_/Q
 _5225_/Q
 _5226_/Q
 _5227_/Q
 _5228_/HI
 _5228_/LO
 _5229_/HI
 _5229_/LO
 _5230_/HI
 _5230_/LO
 _5231_/HI
 _5231_/LO
 _5232_/HI
 _5232_/LO
 _5233_/HI
 _5233_/LO
 _5234_/HI
 _5234_/LO
 _5235_/HI
 _5235_/LO
 _5236_/X
 _5237_/X
 _5238_/X
 _5239_/X
 _5240_/X
 _5241_/X
 _5242_/X
 _5243_/X
 _5244_/X
 _5245_/X
 _5246_/X
 _5247_/X
 _5248_/X
 _5249_/X
 _5250_/X
 _5251_/X
 _5252_/X
 _5253_/X
 _5254_/X
 _5255_/X
 _5256_/X
 _5257_/X
 _5258_/X
 _5259_/X
Found 0 partially unannotated drivers.

===========================================================================
max slew violation count 0
max fanout violation count 0
max cap violation count 0
============================================================================

===========================================================================
check_setup -verbose -unconstrained_endpoints -multiple_clock -no_clock -no_input_delay -loops -generated_clocks
===========================================================================
Warning: There are 106 input ports missing set_input_delay.
  addr1[0]
  addr1[1]
  addr1[2]
  addr1[3]
  addr1[4]
  addr2[0]
  addr2[1]
  addr2[2]
  addr2[3]
  addr2[4]
  addr3[0]
  addr3[1]
  addr3[2]
  addr3[3]
  addr3[4]
  addr4[0]
  addr4[1]
  addr4[2]
  addr4[3]
  addr4[4]
  addr5[0]
  addr5[1]
  addr5[2]
  addr5[3]
  addr5[4]
  addr6[0]
  addr6[1]
  addr6[2]
  addr6[3]
  addr6[4]
  addr7[0]
  addr7[1]
  addr7[2]
  addr7[3]
  addr7[4]
  addr8[0]
  addr8[1]
  addr8[2]
  addr8[3]
  addr8[4]
  data1[0]
  data1[1]
  data1[2]
  data1[3]
  data1[4]
  data1[5]
  data1[6]
  data1[7]
  data2[0]
  data2[1]
  data2[2]
  data2[3]
  data2[4]
  data2[5]
  data2[6]
  data2[7]
  data3[0]
  data3[1]
  data3[2]
  data3[3]
  data3[4]
  data3[5]
  data3[6]
  data3[7]
  data4[0]
  data4[1]
  data4[2]
  data4[3]
  data4[4]
  data4[5]
  data4[6]
  data4[7]
  data5[0]
  data5[1]
  data5[2]
  data5[3]
  data5[4]
  data5[5]
  data5[6]
  data5[7]
  data6[0]
  data6[1]
  data6[2]
  data6[3]
  data6[4]
  data6[5]
  data6[6]
  data6[7]
  data7[0]
  data7[1]
  data7[2]
  data7[3]
  data7[4]
  data7[5]
  data7[6]
  data7[7]
  data8[0]
  data8[1]
  data8[2]
  data8[3]
  data8[4]
  data8[5]
  data8[6]
  data8[7]
  en
  rst
Warning: There are 478 unconstrained endpoints.
  final_sum1[0]
  final_sum1[10]
  final_sum1[11]
  final_sum1[12]
  final_sum1[1]
  final_sum1[2]
  final_sum1[3]
  final_sum1[4]
  final_sum1[5]
  final_sum1[6]
  final_sum1[7]
  final_sum1[8]
  final_sum1[9]
  final_sum2[0]
  final_sum2[10]
  final_sum2[11]
  final_sum2[12]
  final_sum2[1]
  final_sum2[2]
  final_sum2[3]
  final_sum2[4]
  final_sum2[5]
  final_sum2[6]
  final_sum2[7]
  final_sum2[8]
  final_sum2[9]
  final_sum3[0]
  final_sum3[10]
  final_sum3[11]
  final_sum3[12]
  final_sum3[1]
  final_sum3[2]
  final_sum3[3]
  final_sum3[4]
  final_sum3[5]
  final_sum3[6]
  final_sum3[7]
  final_sum3[8]
  final_sum3[9]
  final_sum4[0]
  final_sum4[10]
  final_sum4[11]
  final_sum4[12]
  final_sum4[1]
  final_sum4[2]
  final_sum4[3]
  final_sum4[4]
  final_sum4[5]
  final_sum4[6]
  final_sum4[7]
  final_sum4[8]
  final_sum4[9]
  final_sum5[0]
  final_sum5[10]
  final_sum5[11]
  final_sum5[12]
  final_sum5[1]
  final_sum5[2]
  final_sum5[3]
  final_sum5[4]
  final_sum5[5]
  final_sum5[6]
  final_sum5[7]
  final_sum5[8]
  final_sum5[9]
  final_sum6[0]
  final_sum6[10]
  final_sum6[11]
  final_sum6[12]
  final_sum6[1]
  final_sum6[2]
  final_sum6[3]
  final_sum6[4]
  final_sum6[5]
  final_sum6[6]
  final_sum6[7]
  final_sum6[8]
  final_sum6[9]
  final_sum7[0]
  final_sum7[10]
  final_sum7[11]
  final_sum7[12]
  final_sum7[1]
  final_sum7[2]
  final_sum7[3]
  final_sum7[4]
  final_sum7[5]
  final_sum7[6]
  final_sum7[7]
  final_sum7[8]
  final_sum7[9]
  final_sum8[0]
  final_sum8[10]
  final_sum8[11]
  final_sum8[12]
  final_sum8[1]
  final_sum8[2]
  final_sum8[3]
  final_sum8[4]
  final_sum8[5]
  final_sum8[6]
  final_sum8[7]
  final_sum8[8]
  final_sum8[9]
  out1[0]
  out1[10]
  out1[1]
  out1[2]
  out1[3]
  out1[4]
  out1[5]
  out1[6]
  out1[7]
  out1[8]
  out1[9]
  out1_2[0]
  out1_2[10]
  out1_2[1]
  out1_2[2]
  out1_2[3]
  out1_2[4]
  out1_2[5]
  out1_2[6]
  out1_2[7]
  out1_2[8]
  out1_2[9]
  out1_3[0]
  out1_3[10]
  out1_3[1]
  out1_3[2]
  out1_3[3]
  out1_3[4]
  out1_3[5]
  out1_3[6]
  out1_3[7]
  out1_3[8]
  out1_3[9]
  out1_4[0]
  out1_4[10]
  out1_4[1]
  out1_4[2]
  out1_4[3]
  out1_4[4]
  out1_4[5]
  out1_4[6]
  out1_4[7]
  out1_4[8]
  out1_4[9]
  out1_5[0]
  out1_5[10]
  out1_5[1]
  out1_5[2]
  out1_5[3]
  out1_5[4]
  out1_5[5]
  out1_5[6]
  out1_5[7]
  out1_5[8]
  out1_5[9]
  out1_6[0]
  out1_6[10]
  out1_6[1]
  out1_6[2]
  out1_6[3]
  out1_6[4]
  out1_6[5]
  out1_6[6]
  out1_6[7]
  out1_6[8]
  out1_6[9]
  out1_7[0]
  out1_7[10]
  out1_7[1]
  out1_7[2]
  out1_7[3]
  out1_7[4]
  out1_7[5]
  out1_7[6]
  out1_7[7]
  out1_7[8]
  out1_7[9]
  out1_8[0]
  out1_8[10]
  out1_8[1]
  out1_8[2]
  out1_8[3]
  out1_8[4]
  out1_8[5]
  out1_8[6]
  out1_8[7]
  out1_8[8]
  out1_8[9]
  out2[0]
  out2[10]
  out2[1]
  out2[2]
  out2[3]
  out2[4]
  out2[5]
  out2[6]
  out2[7]
  out2[8]
  out2[9]
  out2_2[0]
  out2_2[10]
  out2_2[1]
  out2_2[2]
  out2_2[3]
  out2_2[4]
  out2_2[5]
  out2_2[6]
  out2_2[7]
  out2_2[8]
  out2_2[9]
  out2_3[0]
  out2_3[10]
  out2_3[1]
  out2_3[2]
  out2_3[3]
  out2_3[4]
  out2_3[5]
  out2_3[6]
  out2_3[7]
  out2_3[8]
  out2_3[9]
  out2_4[0]
  out2_4[10]
  out2_4[1]
  out2_4[2]
  out2_4[3]
  out2_4[4]
  out2_4[5]
  out2_4[6]
  out2_4[7]
  out2_4[8]
  out2_4[9]
  out2_5[0]
  out2_5[10]
  out2_5[1]
  out2_5[2]
  out2_5[3]
  out2_5[4]
  out2_5[5]
  out2_5[6]
  out2_5[7]
  out2_5[8]
  out2_5[9]
  out2_6[0]
  out2_6[10]
  out2_6[1]
  out2_6[2]
  out2_6[3]
  out2_6[4]
  out2_6[5]
  out2_6[6]
  out2_6[7]
  out2_6[8]
  out2_6[9]
  out2_7[0]
  out2_7[10]
  out2_7[1]
  out2_7[2]
  out2_7[3]
  out2_7[4]
  out2_7[5]
  out2_7[6]
  out2_7[7]
  out2_7[8]
  out2_7[9]
  out2_8[0]
  out2_8[10]
  out2_8[1]
  out2_8[2]
  out2_8[3]
  out2_8[4]
  out2_8[5]
  out2_8[6]
  out2_8[7]
  out2_8[8]
  out2_8[9]
  partial_sum14[0]
  partial_sum14[10]
  partial_sum14[11]
  partial_sum14[12]
  partial_sum14[13]
  partial_sum14[1]
  partial_sum14[2]
  partial_sum14[3]
  partial_sum14[4]
  partial_sum14[5]
  partial_sum14[6]
  partial_sum14[7]
  partial_sum14[8]
  partial_sum14[9]
  partial_sum14_1[0]
  partial_sum14_1[10]
  partial_sum14_1[11]
  partial_sum14_1[12]
  partial_sum14_1[13]
  partial_sum14_1[1]
  partial_sum14_1[2]
  partial_sum14_1[3]
  partial_sum14_1[4]
  partial_sum14_1[5]
  partial_sum14_1[6]
  partial_sum14_1[7]
  partial_sum14_1[8]
  partial_sum14_1[9]
  partial_sum14_2[0]
  partial_sum14_2[10]
  partial_sum14_2[11]
  partial_sum14_2[12]
  partial_sum14_2[13]
  partial_sum14_2[1]
  partial_sum14_2[2]
  partial_sum14_2[3]
  partial_sum14_2[4]
  partial_sum14_2[5]
  partial_sum14_2[6]
  partial_sum14_2[7]
  partial_sum14_2[8]
  partial_sum14_2[9]
  partial_sum14_3[0]
  partial_sum14_3[10]
  partial_sum14_3[11]
  partial_sum14_3[12]
  partial_sum14_3[13]
  partial_sum14_3[1]
  partial_sum14_3[2]
  partial_sum14_3[3]
  partial_sum14_3[4]
  partial_sum14_3[5]
  partial_sum14_3[6]
  partial_sum14_3[7]
  partial_sum14_3[8]
  partial_sum14_3[9]
  partial_sum15[0]
  partial_sum15[10]
  partial_sum15[11]
  partial_sum15[12]
  partial_sum15[13]
  partial_sum15[14]
  partial_sum15[1]
  partial_sum15[2]
  partial_sum15[3]
  partial_sum15[4]
  partial_sum15[5]
  partial_sum15[6]
  partial_sum15[7]
  partial_sum15[8]
  partial_sum15[9]
  partial_sum15_1[0]
  partial_sum15_1[10]
  partial_sum15_1[11]
  partial_sum15_1[12]
  partial_sum15_1[13]
  partial_sum15_1[14]
  partial_sum15_1[1]
  partial_sum15_1[2]
  partial_sum15_1[3]
  partial_sum15_1[4]
  partial_sum15_1[5]
  partial_sum15_1[6]
  partial_sum15_1[7]
  partial_sum15_1[8]
  partial_sum15_1[9]
  partial_sum16[0]
  partial_sum16[10]
  partial_sum16[11]
  partial_sum16[12]
  partial_sum16[13]
  partial_sum16[14]
  partial_sum16[15]
  partial_sum16[1]
  partial_sum16[2]
  partial_sum16[3]
  partial_sum16[4]
  partial_sum16[5]
  partial_sum16[6]
  partial_sum16[7]
  partial_sum16[8]
  partial_sum16[9]
  sum_out1[0]
  sum_out1[10]
  sum_out1[11]
  sum_out1[1]
  sum_out1[2]
  sum_out1[3]
  sum_out1[4]
  sum_out1[5]
  sum_out1[6]
  sum_out1[7]
  sum_out1[8]
  sum_out1[9]
  sum_out2[0]
  sum_out2[10]
  sum_out2[11]
  sum_out2[1]
  sum_out2[2]
  sum_out2[3]
  sum_out2[4]
  sum_out2[5]
  sum_out2[6]
  sum_out2[7]
  sum_out2[8]
  sum_out2[9]
  sum_out3[0]
  sum_out3[10]
  sum_out3[11]
  sum_out3[1]
  sum_out3[2]
  sum_out3[3]
  sum_out3[4]
  sum_out3[5]
  sum_out3[6]
  sum_out3[7]
  sum_out3[8]
  sum_out3[9]
  sum_out4[0]
  sum_out4[10]
  sum_out4[11]
  sum_out4[1]
  sum_out4[2]
  sum_out4[3]
  sum_out4[4]
  sum_out4[5]
  sum_out4[6]
  sum_out4[7]
  sum_out4[8]
  sum_out4[9]
  sum_out5[0]
  sum_out5[10]
  sum_out5[11]
  sum_out5[1]
  sum_out5[2]
  sum_out5[3]
  sum_out5[4]
  sum_out5[5]
  sum_out5[6]
  sum_out5[7]
  sum_out5[8]
  sum_out5[9]
  sum_out6[0]
  sum_out6[10]
  sum_out6[11]
  sum_out6[1]
  sum_out6[2]
  sum_out6[3]
  sum_out6[4]
  sum_out6[5]
  sum_out6[6]
  sum_out6[7]
  sum_out6[8]
  sum_out6[9]
  sum_out7[0]
  sum_out7[10]
  sum_out7[11]
  sum_out7[1]
  sum_out7[2]
  sum_out7[3]
  sum_out7[4]
  sum_out7[5]
  sum_out7[6]
  sum_out7[7]
  sum_out7[8]
  sum_out7[9]
  sum_out8[0]
  sum_out8[10]
  sum_out8[11]
  sum_out8[1]
  sum_out8[2]
  sum_out8[3]
  sum_out8[4]
  sum_out8[5]
  sum_out8[6]
  sum_out8[7]
  sum_out8[8]
  sum_out8[9]
