
===========================================================================
 report_power
============================================================================
======================= Fastest Corner ===================================

Group                  Internal  Switching    Leakage      Total
                          Power      Power      Power      Power (Watts)
----------------------------------------------------------------
Sequential             3.26e-04   2.71e-05   9.92e-10   3.53e-04   2.8%
Combinational          4.15e-03   7.50e-03   2.79e-08   1.17e-02  93.8%
Clock                  2.20e-04   1.94e-04   8.75e-09   4.14e-04   3.3%
Macro                  0.00e+00   0.00e+00   0.00e+00   0.00e+00   0.0%
Pad                    0.00e+00   0.00e+00   0.00e+00   0.00e+00   0.0%
----------------------------------------------------------------
Total                  4.70e-03   7.72e-03   3.76e-08   1.24e-02 100.0%
                          37.8%      62.2%       0.0%

======================= Slowest Corner ===================================

Group                  Internal  Switching    Leakage      Total
                          Power      Power      Power      Power (Watts)
----------------------------------------------------------------
Sequential             2.18e-04   1.79e-05   9.50e-07   2.37e-04   2.8%
Combinational          2.86e-03   5.02e-03   1.79e-05   7.90e-03  93.8%
Clock                  1.58e-04   1.26e-04   2.21e-07   2.85e-04   3.4%
Macro                  0.00e+00   0.00e+00   0.00e+00   0.00e+00   0.0%
Pad                    0.00e+00   0.00e+00   0.00e+00   0.00e+00   0.0%
----------------------------------------------------------------
Total                  3.24e-03   5.17e-03   1.91e-05   8.42e-03 100.0%
                          38.4%      61.3%       0.2%

======================= Typical Corner ===================================

Group                  Internal  Switching    Leakage      Total
                          Power      Power      Power      Power (Watts)
----------------------------------------------------------------
Sequential             2.81e-04   2.28e-05   5.41e-10   3.04e-04   2.8%
Combinational          3.67e-03   6.37e-03   1.27e-08   1.00e-02  93.8%
Clock                  1.93e-04   1.64e-04   8.16e-09   3.56e-04   3.3%
Macro                  0.00e+00   0.00e+00   0.00e+00   0.00e+00   0.0%
Pad                    0.00e+00   0.00e+00   0.00e+00   0.00e+00   0.0%
----------------------------------------------------------------
Total                  4.14e-03   6.56e-03   2.14e-08   1.07e-02 100.0%
                          38.7%      61.3%       0.0%

