
===========================================================================
report_checks -unconstrained
===========================================================================
======================= Typical Corner ===================================

Startpoint: _5196_ (rising edge-triggered flip-flop clocked by core_clock)
Endpoint: _5196_ (rising edge-triggered flip-flop clocked by core_clock)
Path Group: core_clock
Path Type: max

Fanout     Cap    Slew   Delay    Time   Description
-----------------------------------------------------------------------------
                          0.00    0.00   clock core_clock (rise edge)
                          0.00    0.00   clock source latency
     1    0.03    0.00    0.00    0.00 ^ clk (in)
                                         clk (net)
                  0.00    0.00    0.00 ^ clkbuf_0_clk/A (sky130_fd_sc_hd__clkbuf_16)
     8    0.06    0.08    0.14    0.14 ^ clkbuf_0_clk/X (sky130_fd_sc_hd__clkbuf_16)
                                         clknet_0_clk (net)
                  0.08    0.00    0.14 ^ clkbuf_3_6__f_clk/A (sky130_fd_sc_hd__clkbuf_16)
     8    0.02    0.05    0.14    0.29 ^ clkbuf_3_6__f_clk/X (sky130_fd_sc_hd__clkbuf_16)
                                         clknet_3_6__leaf_clk (net)
                  0.05    0.00    0.29 ^ _5196_/CLK (sky130_fd_sc_hd__dfxtp_2)
     6    0.03    0.08    0.36    0.65 v _5196_/Q (sky130_fd_sc_hd__dfxtp_2)
                                         sm2.s2.t1.A_wire[3] (net)
                  0.08    0.00    0.65 v _3162_/A (sky130_fd_sc_hd__clkbuf_4)
    10    0.03    0.08    0.20    0.85 v _3162_/X (sky130_fd_sc_hd__clkbuf_4)
                                         _0495_ (net)
                  0.08    0.00    0.85 v _5098_/A0 (sky130_fd_sc_hd__mux2_1)
     1    0.00    0.06    0.30    1.15 v _5098_/X (sky130_fd_sc_hd__mux2_1)
                                         _2048_ (net)
                  0.06    0.00    1.15 v _5099_/A (sky130_fd_sc_hd__clkbuf_1)
     1    0.00    0.03    0.10    1.24 v _5099_/X (sky130_fd_sc_hd__clkbuf_1)
                                         _0032_ (net)
                  0.03    0.00    1.24 v _5196_/D (sky130_fd_sc_hd__dfxtp_2)
                                  1.24   data arrival time

                         10.00   10.00   clock core_clock (rise edge)
                          0.00   10.00   clock source latency
     1    0.03    0.00    0.00   10.00 ^ clk (in)
                                         clk (net)
                  0.00    0.00   10.00 ^ clkbuf_0_clk/A (sky130_fd_sc_hd__clkbuf_16)
     8    0.06    0.08    0.14   10.14 ^ clkbuf_0_clk/X (sky130_fd_sc_hd__clkbuf_16)
                                         clknet_0_clk (net)
                  0.08    0.00   10.14 ^ clkbuf_3_6__f_clk/A (sky130_fd_sc_hd__clkbuf_16)
     8    0.02    0.05    0.14   10.29 ^ clkbuf_3_6__f_clk/X (sky130_fd_sc_hd__clkbuf_16)
                                         clknet_3_6__leaf_clk (net)
                  0.05    0.00   10.29 ^ _5196_/CLK (sky130_fd_sc_hd__dfxtp_2)
                          0.00   10.29   clock reconvergence pessimism
                         -0.11   10.18   library setup time
                                 10.18   data required time
-----------------------------------------------------------------------------
                                 10.18   data required time
                                 -1.24   data arrival time
-----------------------------------------------------------------------------
                                  8.94   slack (MET)




===========================================================================
report_checks --slack_max -0.01
============================================================================
======================= Typical Corner ===================================

No paths found.


===========================================================================
 report_check_types -max_slew -max_cap -max_fanout -violators
============================================================================
======================= Typical Corner ===================================


max slew violations count Typical: 0
max fanout violations count Typical: 0
max cap violations count Typical: 0

===========================================================================
report_parasitic_annotation -report_unannotated
============================================================================
Found 15 unannotated drivers.
 clkload0/Y
 clkload1/Y
 clkload2/Y
 clkload3/Y
 clkload4/Y
 clkload5/Y
 clkload6/Y
 sub_module16_576/HI
 sub_module16_577/HI
 sub_module16_578/HI
 sub_module16_579/HI
 sub_module16_580/HI
 sub_module16_581/HI
 sub_module16_582/HI
 sub_module16_583/HI
Found 1077 partially unannotated drivers.
 clk
 data3[4]
 data3[5]
 data4[0]
 _2360_/X
 _2361_/X
 _2362_/X
 _2363_/X
 _2364_/X
 _2365_/X
 _2367_/X
 _2369_/X
 _2370_/X
 _2371_/X
 _2372_/X
 _2379_/X
 _2380_/X
 _2383_/X
 _2386_/X
 _2389_/X
 _2390_/Y
 _2393_/X
 _2395_/X
 _2400_/X
 _2401_/X
 _2403_/Y
 _2404_/X
 _2406_/X
 _2409_/Y
 _2410_/X
 _2411_/X
 _2413_/X
 _2417_/X
 _2419_/X
 _2421_/X
 _2422_/Y
 _2425_/X
 _2426_/Y
 _2430_/X
 _2432_/X
 _2435_/X
 _2438_/Y
 _2443_/X
 _2446_/X
 _2448_/X
 _2450_/X
 _2451_/X
 _2453_/X
 _2455_/X
 _2458_/X
 _2461_/X
 _2462_/Y
 _2464_/Y
 _2468_/Y
 _2470_/X
 _2471_/X
 _2472_/X
 _2476_/X
 _2478_/X
 _2480_/X
 _2488_/X
 _2490_/X
 _2494_/X
 _2496_/X
 _2501_/X
 _2508_/Y
 _2510_/X
 _2516_/X
 _2517_/Y
 _2518_/Y
 _2519_/X
 _2522_/Y
 _2523_/X
 _2524_/X
 _2527_/X
 _2529_/X
 _2530_/X
 _2534_/Y
 _2538_/X
 _2543_/Y
 _2547_/X
 _2549_/X
 _2553_/X
 _2554_/X
 _2558_/X
 _2563_/X
 _2564_/X
 _2566_/X
 _2573_/Y
 _2574_/X
 _2589_/X
 _2600_/X
 _2609_/X
 _2614_/X
 _2625_/X
 _2626_/X
 _2630_/X
 _2631_/X
 _2635_/X
 _2647_/X
 _2651_/X
 _2658_/X
 _2659_/Y
 _2662_/X
 _2665_/X
 _2666_/X
 _2683_/Y
 _2686_/Y
 _2687_/X
 _2690_/X
 _2692_/Y
 _2693_/Y
 _2698_/X
 _2700_/X
 _2701_/X
 _2704_/X
 _2709_/X
 _2712_/X
 _2715_/Y
 _2716_/Y
 _2717_/X
 _2719_/X
 _2723_/Y
 _2726_/X
 _2727_/X
 _2729_/X
 _2731_/X
 _2732_/X
 _2733_/X
 _2736_/X
 _2755_/X
 _2757_/X
 _2762_/X
 _2769_/X
 _2774_/X
 _2776_/X
 _2777_/Y
 _2781_/Y
 _2793_/X
 _2794_/X
 _2797_/X
 _2800_/X
 _2806_/Y
 _2812_/X
 _2817_/X
 _2819_/Y
 _2823_/X
 _2825_/Y
 _2829_/X
 _2830_/X
 _2832_/X
 _2833_/X
 _2835_/X
 _2842_/X
 _2843_/X
 _2844_/X
 _2845_/X
 _2847_/X
 _2850_/X
 _2857_/X
 _2858_/X
 _2860_/X
 _2864_/X
 _2866_/X
 _2867_/X
 _2871_/X
 _2873_/X
 _2875_/X
 _2878_/X
 _2880_/X
 _2881_/X
 _2883_/X
 _2884_/X
 _2889_/X
 _2890_/X
 _2891_/X
 _2899_/Y
 _2901_/X
 _2903_/X
 _2906_/X
 _2907_/X
 _2908_/X
 _2911_/X
 _2912_/X
 _2914_/X
 _2917_/Y
 _2921_/X
 _2922_/Y
 _2926_/X
 _2931_/X
 _2933_/Y
 _2934_/Y
 _2941_/X
 _2949_/X
 _2952_/X
 _2953_/X
 _2956_/X
 _2957_/X
 _2959_/X
 _2961_/X
 _2966_/Y
 _2969_/X
 _2971_/X
 _2972_/X
 _2973_/X
 _2975_/X
 _2978_/Y
 _2981_/X
 _2983_/X
 _2986_/X
 _2990_/X
 _2992_/X
 _2993_/X
 _2997_/Y
 _2999_/X
 _3000_/X
 _3002_/X
 _3007_/X
 _3010_/X
 _3012_/Y
 _3018_/Y
 _3021_/X
 _3022_/X
 _3023_/X
 _3025_/Y
 _3028_/X
 _3034_/X
 _3036_/X
 _3040_/Y
 _3043_/Y
 _3044_/X
 _3047_/Y
 _3048_/X
 _3053_/X
 _3057_/Y
 _3060_/X
 _3062_/Y
 _3077_/X
 _3078_/X
 _3084_/Y
 _3085_/X
 _3089_/Y
 _3095_/X
 _3100_/X
 _3108_/Y
 _3111_/X
 _3112_/X
 _3116_/X
 _3118_/X
 _3133_/X
 _3135_/X
 _3138_/Y
 _3139_/Y
 _3143_/X
 _3162_/X
 _3165_/X
 _3166_/Y
 _3168_/X
 _3180_/X
 _3181_/Y
 _3183_/X
 _3186_/Y
 _3187_/X
 _3188_/X
 _3191_/X
 _3193_/X
 _3196_/X
 _3198_/Y
 _3200_/X
 _3204_/Y
 _3206_/X
 _3207_/X
 _3209_/X
 _3213_/X
 _3217_/X
 _3224_/X
 _3226_/X
 _3232_/X
 _3233_/X
 _3248_/X
 _3260_/X
 _3268_/X
 _3272_/X
 _3273_/X
 _3274_/Y
 _3278_/X
 _3279_/X
 _3282_/Y
 _3285_/Y
 _3286_/X
 _3296_/X
 _3300_/X
 _3302_/X
 _3306_/X
 _3308_/X
 _3326_/X
 _3332_/X
 _3338_/X
 _3340_/X
 _3343_/X
 _3346_/X
 _3347_/X
 _3348_/X
 _3349_/X
 _3350_/Y
 _3352_/X
 _3354_/X
 _3355_/X
 _3358_/X
 _3359_/Y
 _3362_/X
 _3363_/Y
 _3365_/X
 _3367_/X
 _3370_/X
 _3373_/X
 _3374_/X
 _3376_/X
 _3378_/X
 _3379_/X
 _3381_/X
 _3384_/Y
 _3386_/X
 _3387_/X
 _3390_/Y
 _3391_/X
 _3395_/X
 _3396_/X
 _3400_/X
 _3402_/X
 _3406_/X
 _3409_/X
 _3412_/X
 _3418_/Y
 _3419_/Y
 _3422_/X
 _3424_/Y
 _3429_/X
 _3433_/X
 _3435_/X
 _3436_/X
 _3441_/X
 _3442_/Y
 _3453_/X
 _3457_/X
 _3458_/X
 _3459_/X
 _3462_/X
 _3464_/Y
 _3470_/X
 _3472_/X
 _3475_/X
 _3477_/Y
 _3479_/X
 _3481_/X
 _3482_/X
 _3484_/X
 _3488_/X
 _3490_/X
 _3492_/X
 _3495_/X
 _3497_/X
 _3500_/X
 _3504_/X
 _3506_/X
 _3508_/X
 _3510_/X
 _3513_/X
 _3523_/Y
 _3526_/X
 _3530_/X
 _3531_/X
 _3532_/X
 _3540_/X
 _3542_/X
 _3544_/X
 _3546_/X
 _3547_/X
 _3551_/Y
 _3559_/X
 _3560_/X
 _3561_/X
 _3564_/Y
 _3566_/X
 _3584_/X
 _3585_/X
 _3587_/X
 _3595_/X
 _3597_/Y
 _3599_/Y
 _3602_/X
 _3604_/X
 _3606_/X
 _3607_/Y
 _3610_/X
 _3611_/X
 _3612_/X
 _3613_/X
 _3618_/Y
 _3620_/X
 _3622_/Y
 _3626_/X
 _3629_/Y
 _3641_/X
 _3649_/Y
 _3658_/X
 _3669_/X
 _3675_/X
 _3686_/X
 _3691_/X
 _3702_/X
 _3707_/X
 _3717_/X
 _3719_/Y
 _3726_/Y
 _3735_/Y
 _3738_/Y
 _3744_/Y
 _3746_/X
 _3750_/Y
 _3751_/Y
 _3756_/Y
 _3762_/Y
 _3769_/Y
 _3774_/Y
 _3778_/X
 _3784_/Y
 _3790_/Y
 _3791_/Y
 _3799_/X
 _3804_/Y
 _3805_/X
 _3806_/Y
 _3813_/X
 _3820_/X
 _3824_/Y
 _3827_/X
 _3830_/Y
 _3831_/Y
 _3834_/X
 _3836_/X
 _3837_/X
 _3838_/X
 _3840_/X
 _3843_/X
 _3845_/X
 _3846_/X
 _3847_/X
 _3850_/X
 _3852_/Y
 _3854_/Y
 _3859_/Y
 _3860_/Y
 _3862_/X
 _3863_/Y
 _3865_/X
 _3867_/X
 _3869_/Y
 _3870_/X
 _3873_/X
 _3875_/Y
 _3877_/X
 _3883_/X
 _3884_/Y
 _3885_/Y
 _3887_/Y
 _3888_/X
 _3889_/Y
 _3891_/Y
 _3893_/Y
 _3899_/X
 _3901_/X
 _3905_/X
 _3906_/X
 _3912_/X
 _3917_/X
 _3918_/Y
 _3921_/Y
 _3922_/X
 _3926_/Y
 _3928_/X
 _3937_/X
 _3940_/Y
 _3947_/Y
 _3954_/Y
 _3955_/X
 _3957_/Y
 _3959_/Y
 _3963_/X
 _3967_/Y
 _3970_/X
 _3975_/Y
 _3980_/Y
 _3981_/X
 _3982_/X
 _3991_/X
 _3998_/X
 _4004_/Y
 _4005_/Y
 _4010_/X
 _4013_/Y
 _4017_/Y
 _4022_/Y
 _4025_/X
 _4026_/Y
 _4029_/X
 _4036_/X
 _4037_/X
 _4039_/Y
 _4041_/Y
 _4048_/X
 _4049_/Y
 _4052_/Y
 _4053_/Y
 _4055_/X
 _4060_/Y
 _4063_/Y
 _4067_/X
 _4072_/Y
 _4079_/Y
 _4083_/Y
 _4085_/X
 _4087_/Y
 _4089_/Y
 _4094_/Y
 _4099_/X
 _4102_/Y
 _4105_/Y
 _4108_/Y
 _4110_/Y
 _4112_/Y
 _4113_/Y
 _4117_/X
 _4119_/X
 _4120_/Y
 _4121_/Y
 _4122_/X
 _4127_/X
 _4128_/Y
 _4133_/Y
 _4134_/Y
 _4137_/Y
 _4138_/Y
 _4140_/X
 _4142_/Y
 _4146_/Y
 _4149_/X
 _4150_/Y
 _4158_/Y
 _4161_/Y
 _4162_/Y
 _4167_/X
 _4170_/Y
 _4178_/Y
 _4185_/Y
 _4192_/X
 _4194_/Y
 _4201_/X
 _4207_/Y
 _4216_/Y
 _4217_/X
 _4219_/Y
 _4224_/Y
 _4232_/Y
 _4233_/Y
 _4241_/X
 _4242_/X
 _4244_/X
 _4249_/X
 _4260_/X
 _4265_/X
 _4269_/X
 _4270_/Y
 _4277_/X
 _4284_/Y
 _4288_/X
 _4289_/Y
 _4291_/Y
 _4297_/X
 _4302_/Y
 _4307_/X
 _4309_/Y
 _4310_/Y
 _4311_/X
 _4312_/Y
 _4314_/X
 _4316_/Y
 _4317_/Y
 _4319_/X
 _4321_/X
 _4322_/X
 _4323_/Y
 _4324_/Y
 _4328_/X
 _4329_/Y
 _4332_/X
 _4335_/Y
 _4337_/Y
 _4341_/X
 _4350_/Y
 _4360_/X
 _4364_/Y
 _4369_/X
 _4379_/Y
 _4381_/Y
 _4383_/X
 _4385_/X
 _4388_/Y
 _4390_/Y
 _4392_/X
 _4396_/X
 _4402_/Y
 _4407_/X
 _4408_/Y
 _4411_/X
 _4416_/Y
 _4418_/X
 _4419_/Y
 _4423_/Y
 _4424_/Y
 _4427_/X
 _4432_/Y
 _4433_/X
 _4434_/Y
 _4435_/X
 _4438_/Y
 _4444_/X
 _4446_/Y
 _4449_/X
 _4453_/X
 _4455_/X
 _4459_/Y
 _4462_/X
 _4464_/X
 _4468_/X
 _4471_/Y
 _4472_/Y
 _4475_/Y
 _4478_/X
 _4486_/Y
 _4490_/X
 _4491_/X
 _4492_/X
 _4494_/X
 _4496_/Y
 _4498_/Y
 _4500_/X
 _4505_/X
 _4509_/Y
 _4510_/X
 _4513_/X
 _4514_/X
 _4518_/X
 _4524_/Y
 _4529_/X
 _4530_/X
 _4532_/X
 _4534_/X
 _4537_/X
 _4538_/Y
 _4542_/X
 _4544_/X
 _4546_/Y
 _4552_/X
 _4553_/X
 _4558_/X
 _4560_/X
 _4561_/X
 _4563_/X
 _4565_/X
 _4570_/X
 _4579_/Y
 _4580_/X
 _4584_/X
 _4585_/X
 _4590_/Y
 _4591_/X
 _4595_/Y
 _4597_/X
 _4599_/Y
 _4602_/Y
 _4611_/X
 _4613_/Y
 _4615_/Y
 _4616_/Y
 _4621_/Y
 _4628_/Y
 _4633_/X
 _4643_/X
 _4647_/Y
 _4651_/Y
 _4652_/Y
 _4653_/X
 _4656_/X
 _4662_/X
 _4666_/Y
 _4667_/Y
 _4668_/Y
 _4670_/Y
 _4672_/X
 _4673_/X
 _4684_/Y
 _4686_/X
 _4688_/X
 _4690_/Y
 _4692_/Y
 _4693_/Y
 _4695_/X
 _4697_/Y
 _4699_/Y
 _4705_/Y
 _4706_/X
 _4713_/Y
 _4715_/X
 _4717_/Y
 _4729_/X
 _4730_/X
 _4734_/X
 _4740_/Y
 _4745_/X
 _4746_/Y
 _4751_/X
 _4753_/X
 _4754_/X
 _4755_/Y
 _4757_/Y
 _4758_/Y
 _4765_/Y
 _4767_/Y
 _4772_/X
 _4778_/Y
 _4784_/X
 _4786_/Y
 _4797_/Y
 _4798_/X
 _4800_/X
 _4802_/X
 _4806_/Y
 _4808_/Y
 _4809_/X
 _4810_/X
 _4813_/Y
 _4815_/X
 _4817_/X
 _4818_/X
 _4824_/Y
 _4827_/X
 _4829_/Y
 _4831_/X
 _4836_/X
 _4843_/Y
 _4856_/Y
 _4859_/X
 _4862_/Y
 _4867_/X
 _4869_/X
 _4871_/Y
 _4872_/Y
 _4873_/Y
 _4875_/Y
 _4877_/X
 _4879_/Y
 _4884_/X
 _4885_/Y
 _4897_/X
 _4911_/Y
 _4916_/X
 _4920_/X
 _4924_/Y
 _4929_/Y
 _4939_/Y
 _4950_/X
 _4951_/Y
 _4954_/Y
 _4958_/Y
 _4963_/Y
 _4971_/X
 _4984_/Y
 _4989_/Y
 _4991_/X
 _4992_/X
 _4996_/X
 _5024_/X
 _5027_/Y
 _5029_/X
 _5030_/X
 _5051_/X
 _5072_/X
 _5074_/X
 _5093_/X
 _5114_/X
 _5135_/X
 _5189_/Q
 _5239_/X
 _5240_/X
 _5241_/X
 _5243_/X
 _5245_/X
 _5247_/X
 _5250_/X
 _5256_/X
 _5258_/X
 _5259_/X
 clkbuf_0_clk/X
 clkbuf_3_0__f_clk/X
 clkbuf_3_2__f_clk/X
 clkbuf_3_3__f_clk/X
 clkbuf_3_4__f_clk/X
 clkbuf_3_5__f_clk/X
 clkbuf_3_6__f_clk/X
 clkbuf_3_7__f_clk/X
 input1/X
 input10/X
 input103/X
 input105/X
 input16/X
 input2/X
 input24/X
 input27/X
 input3/X
 input34/X
 input41/X
 input42/X
 input43/X
 input44/X
 input45/X
 input46/X
 input47/X
 input48/X
 input49/X
 input5/X
 input50/X
 input51/X
 input52/X
 input53/X
 input54/X
 input55/X
 input56/X
 input6/X
 input61/X
 input62/X
 input63/X
 input64/X
 input65/X
 input67/X
 input69/X
 input7/X
 input70/X
 input72/X
 input73/X
 input74/X
 input75/X
 input76/X
 input77/X
 input78/X
 input79/X
 input8/X
 input80/X
 input84/X
 input89/X
 input9/X
 input90/X
 input91/X
 input92/X
 input93/X
 input94/X
 input95/X
 input96/X
 output109/X
 output112/X
 output113/X
 output116/X
 output117/X
 output118/X
 output119/X
 output120/X
 output121/X
 output122/X
 output123/X
 output124/X
 output126/X
 output127/X
 output128/X
 output131/X
 output133/X
 output134/X
 output135/X
 output136/X
 output137/X
 output138/X
 output141/X
 output142/X
 output145/X
 output153/X
 output155/X
 output156/X
 output157/X
 output160/X
 output161/X
 output164/X
 output165/X
 output166/X
 output167/X
 output168/X
 output169/X
 output170/X
 output171/X
 output172/X
 output173/X
 output174/X
 output175/X
 output176/X
 output177/X
 output178/X
 output179/X
 output180/X
 output181/X
 output182/X
 output183/X
 output184/X
 output185/X
 output186/X
 output188/X
 output189/X
 output190/X
 output192/X
 output193/X
 output194/X
 output196/X
 output197/X
 output200/X
 output201/X
 output202/X
 output206/X
 output207/X
 output209/X
 output214/X
 output218/X
 output219/X
 output223/X
 output227/X
 output228/X
 output232/X
 output236/X
 output237/X
 output241/X
 output245/X
 output246/X
 output250/X
 output251/X
 output263/X
 output264/X
 output269/X
 output278/X
 output283/X
 output287/X
 output288/X
 output293/X
 output297/X
 output298/X
 output303/X
 output307/X
 output308/X
 output312/X
 output313/X
 output317/X
 output318/X
 output333/X
 output337/X
 output338/X
 output343/X
 output349/X
 output353/X
 output354/X
 output359/X
 output363/X
 output364/X
 output369/X
 output372/X
 output373/X
 output374/X
 output381/X
 output382/X
 output385/X
 output389/X
 output390/X
 output391/X
 output394/X
 output395/X
 output396/X
 output397/X
 output398/X
 output399/X
 output400/X
 output401/X
 output402/X
 output404/X
 output405/X
 output406/X
 output407/X
 output408/X
 output411/X
 output412/X
 output414/X
 output416/X
 output418/X
 output419/X
 output420/X
 output421/X
 output422/X
 output424/X
 output425/X
 output429/X
 output431/X
 output433/X
 output436/X
 output438/X
 output439/X
 output440/X
 output441/X
 output444/X
 output445/X
 output446/X
 output448/X
 output450/X
 output451/X
 output453/X
 output455/X
 output456/X
 output457/X
 output458/X
 output459/X
 output463/X
 output466/X
 output467/X
 output468/X
 output469/X
 output470/X
 output473/X
 output474/X
 output475/X
 output478/X
 output479/X
 output480/X
 output481/X
 output485/X
 output486/X
 output496/X
 output497/X
 output502/X
 output505/X
 output506/X
 output511/X
 output512/X
 output517/X
 output522/X
 output523/X
 output526/X
 output529/X
 output530/X
 output531/X
 output532/X
 output533/X
 output538/X
 output540/X
 output541/X
 output542/X
 output546/X
 output547/X
 output548/X
 output550/X
 output551/X
 output558/X
 output568/X
 output572/X
 output573/X
 sub_module16_583/LO

===========================================================================
max slew violation count 0
max fanout violation count 0
max cap violation count 0
============================================================================

===========================================================================
check_setup -verbose -unconstrained_endpoints -multiple_clock -no_clock -no_input_delay -loops -generated_clocks
===========================================================================
Warning: There are 106 input ports missing set_input_delay.
  addr1[0]
  addr1[1]
  addr1[2]
  addr1[3]
  addr1[4]
  addr2[0]
  addr2[1]
  addr2[2]
  addr2[3]
  addr2[4]
  addr3[0]
  addr3[1]
  addr3[2]
  addr3[3]
  addr3[4]
  addr4[0]
  addr4[1]
  addr4[2]
  addr4[3]
  addr4[4]
  addr5[0]
  addr5[1]
  addr5[2]
  addr5[3]
  addr5[4]
  addr6[0]
  addr6[1]
  addr6[2]
  addr6[3]
  addr6[4]
  addr7[0]
  addr7[1]
  addr7[2]
  addr7[3]
  addr7[4]
  addr8[0]
  addr8[1]
  addr8[2]
  addr8[3]
  addr8[4]
  data1[0]
  data1[1]
  data1[2]
  data1[3]
  data1[4]
  data1[5]
  data1[6]
  data1[7]
  data2[0]
  data2[1]
  data2[2]
  data2[3]
  data2[4]
  data2[5]
  data2[6]
  data2[7]
  data3[0]
  data3[1]
  data3[2]
  data3[3]
  data3[4]
  data3[5]
  data3[6]
  data3[7]
  data4[0]
  data4[1]
  data4[2]
  data4[3]
  data4[4]
  data4[5]
  data4[6]
  data4[7]
  data5[0]
  data5[1]
  data5[2]
  data5[3]
  data5[4]
  data5[5]
  data5[6]
  data5[7]
  data6[0]
  data6[1]
  data6[2]
  data6[3]
  data6[4]
  data6[5]
  data6[6]
  data6[7]
  data7[0]
  data7[1]
  data7[2]
  data7[3]
  data7[4]
  data7[5]
  data7[6]
  data7[7]
  data8[0]
  data8[1]
  data8[2]
  data8[3]
  data8[4]
  data8[5]
  data8[6]
  data8[7]
  en
  rst
Warning: There are 478 unconstrained endpoints.
  final_sum1[0]
  final_sum1[10]
  final_sum1[11]
  final_sum1[12]
  final_sum1[1]
  final_sum1[2]
  final_sum1[3]
  final_sum1[4]
  final_sum1[5]
  final_sum1[6]
  final_sum1[7]
  final_sum1[8]
  final_sum1[9]
  final_sum2[0]
  final_sum2[10]
  final_sum2[11]
  final_sum2[12]
  final_sum2[1]
  final_sum2[2]
  final_sum2[3]
  final_sum2[4]
  final_sum2[5]
  final_sum2[6]
  final_sum2[7]
  final_sum2[8]
  final_sum2[9]
  final_sum3[0]
  final_sum3[10]
  final_sum3[11]
  final_sum3[12]
  final_sum3[1]
  final_sum3[2]
  final_sum3[3]
  final_sum3[4]
  final_sum3[5]
  final_sum3[6]
  final_sum3[7]
  final_sum3[8]
  final_sum3[9]
  final_sum4[0]
  final_sum4[10]
  final_sum4[11]
  final_sum4[12]
  final_sum4[1]
  final_sum4[2]
  final_sum4[3]
  final_sum4[4]
  final_sum4[5]
  final_sum4[6]
  final_sum4[7]
  final_sum4[8]
  final_sum4[9]
  final_sum5[0]
  final_sum5[10]
  final_sum5[11]
  final_sum5[12]
  final_sum5[1]
  final_sum5[2]
  final_sum5[3]
  final_sum5[4]
  final_sum5[5]
  final_sum5[6]
  final_sum5[7]
  final_sum5[8]
  final_sum5[9]
  final_sum6[0]
  final_sum6[10]
  final_sum6[11]
  final_sum6[12]
  final_sum6[1]
  final_sum6[2]
  final_sum6[3]
  final_sum6[4]
  final_sum6[5]
  final_sum6[6]
  final_sum6[7]
  final_sum6[8]
  final_sum6[9]
  final_sum7[0]
  final_sum7[10]
  final_sum7[11]
  final_sum7[12]
  final_sum7[1]
  final_sum7[2]
  final_sum7[3]
  final_sum7[4]
  final_sum7[5]
  final_sum7[6]
  final_sum7[7]
  final_sum7[8]
  final_sum7[9]
  final_sum8[0]
  final_sum8[10]
  final_sum8[11]
  final_sum8[12]
  final_sum8[1]
  final_sum8[2]
  final_sum8[3]
  final_sum8[4]
  final_sum8[5]
  final_sum8[6]
  final_sum8[7]
  final_sum8[8]
  final_sum8[9]
  out1[0]
  out1[10]
  out1[1]
  out1[2]
  out1[3]
  out1[4]
  out1[5]
  out1[6]
  out1[7]
  out1[8]
  out1[9]
  out1_2[0]
  out1_2[10]
  out1_2[1]
  out1_2[2]
  out1_2[3]
  out1_2[4]
  out1_2[5]
  out1_2[6]
  out1_2[7]
  out1_2[8]
  out1_2[9]
  out1_3[0]
  out1_3[10]
  out1_3[1]
  out1_3[2]
  out1_3[3]
  out1_3[4]
  out1_3[5]
  out1_3[6]
  out1_3[7]
  out1_3[8]
  out1_3[9]
  out1_4[0]
  out1_4[10]
  out1_4[1]
  out1_4[2]
  out1_4[3]
  out1_4[4]
  out1_4[5]
  out1_4[6]
  out1_4[7]
  out1_4[8]
  out1_4[9]
  out1_5[0]
  out1_5[10]
  out1_5[1]
  out1_5[2]
  out1_5[3]
  out1_5[4]
  out1_5[5]
  out1_5[6]
  out1_5[7]
  out1_5[8]
  out1_5[9]
  out1_6[0]
  out1_6[10]
  out1_6[1]
  out1_6[2]
  out1_6[3]
  out1_6[4]
  out1_6[5]
  out1_6[6]
  out1_6[7]
  out1_6[8]
  out1_6[9]
  out1_7[0]
  out1_7[10]
  out1_7[1]
  out1_7[2]
  out1_7[3]
  out1_7[4]
  out1_7[5]
  out1_7[6]
  out1_7[7]
  out1_7[8]
  out1_7[9]
  out1_8[0]
  out1_8[10]
  out1_8[1]
  out1_8[2]
  out1_8[3]
  out1_8[4]
  out1_8[5]
  out1_8[6]
  out1_8[7]
  out1_8[8]
  out1_8[9]
  out2[0]
  out2[10]
  out2[1]
  out2[2]
  out2[3]
  out2[4]
  out2[5]
  out2[6]
  out2[7]
  out2[8]
  out2[9]
  out2_2[0]
  out2_2[10]
  out2_2[1]
  out2_2[2]
  out2_2[3]
  out2_2[4]
  out2_2[5]
  out2_2[6]
  out2_2[7]
  out2_2[8]
  out2_2[9]
  out2_3[0]
  out2_3[10]
  out2_3[1]
  out2_3[2]
  out2_3[3]
  out2_3[4]
  out2_3[5]
  out2_3[6]
  out2_3[7]
  out2_3[8]
  out2_3[9]
  out2_4[0]
  out2_4[10]
  out2_4[1]
  out2_4[2]
  out2_4[3]
  out2_4[4]
  out2_4[5]
  out2_4[6]
  out2_4[7]
  out2_4[8]
  out2_4[9]
  out2_5[0]
  out2_5[10]
  out2_5[1]
  out2_5[2]
  out2_5[3]
  out2_5[4]
  out2_5[5]
  out2_5[6]
  out2_5[7]
  out2_5[8]
  out2_5[9]
  out2_6[0]
  out2_6[10]
  out2_6[1]
  out2_6[2]
  out2_6[3]
  out2_6[4]
  out2_6[5]
  out2_6[6]
  out2_6[7]
  out2_6[8]
  out2_6[9]
  out2_7[0]
  out2_7[10]
  out2_7[1]
  out2_7[2]
  out2_7[3]
  out2_7[4]
  out2_7[5]
  out2_7[6]
  out2_7[7]
  out2_7[8]
  out2_7[9]
  out2_8[0]
  out2_8[10]
  out2_8[1]
  out2_8[2]
  out2_8[3]
  out2_8[4]
  out2_8[5]
  out2_8[6]
  out2_8[7]
  out2_8[8]
  out2_8[9]
  partial_sum14[0]
  partial_sum14[10]
  partial_sum14[11]
  partial_sum14[12]
  partial_sum14[13]
  partial_sum14[1]
  partial_sum14[2]
  partial_sum14[3]
  partial_sum14[4]
  partial_sum14[5]
  partial_sum14[6]
  partial_sum14[7]
  partial_sum14[8]
  partial_sum14[9]
  partial_sum14_1[0]
  partial_sum14_1[10]
  partial_sum14_1[11]
  partial_sum14_1[12]
  partial_sum14_1[13]
  partial_sum14_1[1]
  partial_sum14_1[2]
  partial_sum14_1[3]
  partial_sum14_1[4]
  partial_sum14_1[5]
  partial_sum14_1[6]
  partial_sum14_1[7]
  partial_sum14_1[8]
  partial_sum14_1[9]
  partial_sum14_2[0]
  partial_sum14_2[10]
  partial_sum14_2[11]
  partial_sum14_2[12]
  partial_sum14_2[13]
  partial_sum14_2[1]
  partial_sum14_2[2]
  partial_sum14_2[3]
  partial_sum14_2[4]
  partial_sum14_2[5]
  partial_sum14_2[6]
  partial_sum14_2[7]
  partial_sum14_2[8]
  partial_sum14_2[9]
  partial_sum14_3[0]
  partial_sum14_3[10]
  partial_sum14_3[11]
  partial_sum14_3[12]
  partial_sum14_3[13]
  partial_sum14_3[1]
  partial_sum14_3[2]
  partial_sum14_3[3]
  partial_sum14_3[4]
  partial_sum14_3[5]
  partial_sum14_3[6]
  partial_sum14_3[7]
  partial_sum14_3[8]
  partial_sum14_3[9]
  partial_sum15[0]
  partial_sum15[10]
  partial_sum15[11]
  partial_sum15[12]
  partial_sum15[13]
  partial_sum15[14]
  partial_sum15[1]
  partial_sum15[2]
  partial_sum15[3]
  partial_sum15[4]
  partial_sum15[5]
  partial_sum15[6]
  partial_sum15[7]
  partial_sum15[8]
  partial_sum15[9]
  partial_sum15_1[0]
  partial_sum15_1[10]
  partial_sum15_1[11]
  partial_sum15_1[12]
  partial_sum15_1[13]
  partial_sum15_1[14]
  partial_sum15_1[1]
  partial_sum15_1[2]
  partial_sum15_1[3]
  partial_sum15_1[4]
  partial_sum15_1[5]
  partial_sum15_1[6]
  partial_sum15_1[7]
  partial_sum15_1[8]
  partial_sum15_1[9]
  partial_sum16[0]
  partial_sum16[10]
  partial_sum16[11]
  partial_sum16[12]
  partial_sum16[13]
  partial_sum16[14]
  partial_sum16[15]
  partial_sum16[1]
  partial_sum16[2]
  partial_sum16[3]
  partial_sum16[4]
  partial_sum16[5]
  partial_sum16[6]
  partial_sum16[7]
  partial_sum16[8]
  partial_sum16[9]
  sum_out1[0]
  sum_out1[10]
  sum_out1[11]
  sum_out1[1]
  sum_out1[2]
  sum_out1[3]
  sum_out1[4]
  sum_out1[5]
  sum_out1[6]
  sum_out1[7]
  sum_out1[8]
  sum_out1[9]
  sum_out2[0]
  sum_out2[10]
  sum_out2[11]
  sum_out2[1]
  sum_out2[2]
  sum_out2[3]
  sum_out2[4]
  sum_out2[5]
  sum_out2[6]
  sum_out2[7]
  sum_out2[8]
  sum_out2[9]
  sum_out3[0]
  sum_out3[10]
  sum_out3[11]
  sum_out3[1]
  sum_out3[2]
  sum_out3[3]
  sum_out3[4]
  sum_out3[5]
  sum_out3[6]
  sum_out3[7]
  sum_out3[8]
  sum_out3[9]
  sum_out4[0]
  sum_out4[10]
  sum_out4[11]
  sum_out4[1]
  sum_out4[2]
  sum_out4[3]
  sum_out4[4]
  sum_out4[5]
  sum_out4[6]
  sum_out4[7]
  sum_out4[8]
  sum_out4[9]
  sum_out5[0]
  sum_out5[10]
  sum_out5[11]
  sum_out5[1]
  sum_out5[2]
  sum_out5[3]
  sum_out5[4]
  sum_out5[5]
  sum_out5[6]
  sum_out5[7]
  sum_out5[8]
  sum_out5[9]
  sum_out6[0]
  sum_out6[10]
  sum_out6[11]
  sum_out6[1]
  sum_out6[2]
  sum_out6[3]
  sum_out6[4]
  sum_out6[5]
  sum_out6[6]
  sum_out6[7]
  sum_out6[8]
  sum_out6[9]
  sum_out7[0]
  sum_out7[10]
  sum_out7[11]
  sum_out7[1]
  sum_out7[2]
  sum_out7[3]
  sum_out7[4]
  sum_out7[5]
  sum_out7[6]
  sum_out7[7]
  sum_out7[8]
  sum_out7[9]
  sum_out8[0]
  sum_out8[10]
  sum_out8[11]
  sum_out8[1]
  sum_out8[2]
  sum_out8[3]
  sum_out8[4]
  sum_out8[5]
  sum_out8[6]
  sum_out8[7]
  sum_out8[8]
  sum_out8[9]
