
===========================================================================
 report_power
============================================================================
======================= Fastest Corner ===================================

Group                  Internal  Switching    Leakage      Total
                          Power      Power      Power      Power (Watts)
----------------------------------------------------------------
Sequential             3.25e-04   2.76e-05   9.92e-10   3.53e-04   2.8%
Combinational          4.16e-03   7.89e-03   2.79e-08   1.20e-02  93.9%
Clock                  2.20e-04   2.05e-04   8.75e-09   4.26e-04   3.3%
Macro                  0.00e+00   0.00e+00   0.00e+00   0.00e+00   0.0%
Pad                    0.00e+00   0.00e+00   0.00e+00   0.00e+00   0.0%
----------------------------------------------------------------
Total                  4.71e-03   8.12e-03   3.76e-08   1.28e-02 100.0%
                          36.7%      63.3%       0.0%

======================= Slowest Corner ===================================

Group                  Internal  Switching    Leakage      Total
                          Power      Power      Power      Power (Watts)
----------------------------------------------------------------
Sequential             2.18e-04   1.83e-05   9.50e-07   2.38e-04   2.7%
Combinational          2.86e-03   5.28e-03   1.79e-05   8.16e-03  93.9%
Clock                  1.58e-04   1.34e-04   2.21e-07   2.93e-04   3.4%
Macro                  0.00e+00   0.00e+00   0.00e+00   0.00e+00   0.0%
Pad                    0.00e+00   0.00e+00   0.00e+00   0.00e+00   0.0%
----------------------------------------------------------------
Total                  3.24e-03   5.43e-03   1.91e-05   8.69e-03 100.0%
                          37.3%      62.5%       0.2%

======================= Typical Corner ===================================

Group                  Internal  Switching    Leakage      Total
                          Power      Power      Power      Power (Watts)
----------------------------------------------------------------
Sequential             2.81e-04   2.33e-05   5.41e-10   3.04e-04   2.8%
Combinational          3.67e-03   6.70e-03   1.27e-08   1.04e-02  93.9%
Clock                  1.93e-04   1.73e-04   8.16e-09   3.66e-04   3.3%
Macro                  0.00e+00   0.00e+00   0.00e+00   0.00e+00   0.0%
Pad                    0.00e+00   0.00e+00   0.00e+00   0.00e+00   0.0%
----------------------------------------------------------------
Total                  4.14e-03   6.90e-03   2.14e-08   1.10e-02 100.0%
                          37.5%      62.5%       0.0%

